[${project.name}][${env:SERVER_PORT}] 2023-06-11 18:34:11,164 INFO [main][WelcomeLogoApplicationListener.java:63] - 

 :: Dubbo Spring Boot (v2.7.1) : https://github.com/apache/incubator-dubbo-spring-boot-project
 :: Dubbo (v2.7.3) : https://github.com/apache/incubator-dubbo
 :: Discuss group : dev@dubbo.apache.org

[${project.name}][${env:SERVER_PORT}] 2023-06-11 18:34:11,172 INFO [main][OverrideDubboConfigApplicationListener.java:68] - Dubbo Config was overridden by externalized configuration {dubbo.application.name=transaction-service, dubbo.application.qos-enable=false, dubbo.application.qos.port=22250, dubbo.config.multiple=true, dubbo.consumer.check=false, dubbo.consumer.retries=-1, dubbo.consumer.timeout=3000, dubbo.protocol.name=dubbo, dubbo.protocol.port=20893, dubbo.registry.address=nacos://192.168.26.128:1111, dubbo.scan.base-packages=com.shanjupay}
[${project.name}][${env:SERVER_PORT}] 2023-06-11 18:34:11,501 INFO [main][PostProcessorRegistrationDelegate.java:330] - Bean 'org.springframework.cloud.autoconfigure.ConfigurationPropertiesRebinderAutoConfiguration' of type [org.springframework.cloud.autoconfigure.ConfigurationPropertiesRebinderAutoConfiguration$$EnhancerBySpringCGLIB$$980570df] is not eligible for getting processed by all BeanPostProcessors (for example: not eligible for auto-proxying)
[${project.name}][${env:SERVER_PORT}] 2023-06-11 18:34:11,568 INFO [pool-3-thread-1][AwaitingNonWebApplicationListener.java:140] -  [Dubbo] Current Spring Boot Application is await...
[${project.name}][${env:SERVER_PORT}] 2023-06-11 18:34:12,145 INFO [main][OverrideDubboConfigApplicationListener.java:68] - Dubbo Config was overridden by externalized configuration {dubbo.application.name=transaction-service, dubbo.application.qos-enable=false, dubbo.application.qos.port=22250, dubbo.config.multiple=true, dubbo.consumer.check=false, dubbo.consumer.retries=-1, dubbo.consumer.timeout=3000, dubbo.protocol.name=dubbo, dubbo.protocol.port=20893, dubbo.registry.address=nacos://192.168.26.128:1111, dubbo.scan.base-packages=com.shanjupay}
[${project.name}][${env:SERVER_PORT}] 2023-06-11 18:34:12,250 INFO [main][NacosPropertySourceBuilder.java:87] - Loading nacos data, dataId: 'spring-boot-http.yaml', group: 'COMMON_GROUP'
[${project.name}][${env:SERVER_PORT}] 2023-06-11 18:34:12,261 INFO [main][NacosPropertySourceBuilder.java:87] - Loading nacos data, dataId: 'spring-boot-starter-druid.yaml', group: 'COMMON_GROUP'
[${project.name}][${env:SERVER_PORT}] 2023-06-11 18:34:12,269 INFO [main][NacosPropertySourceBuilder.java:87] - Loading nacos data, dataId: 'spring-boot-mybatis-plus.yaml', group: 'COMMON_GROUP'
[${project.name}][${env:SERVER_PORT}] 2023-06-11 18:34:12,278 INFO [main][NacosPropertySourceBuilder.java:87] - Loading nacos data, dataId: 'transaction-service.yaml', group: 'SHANJUPAY_GROUP'
[${project.name}][${env:SERVER_PORT}] 2023-06-11 18:34:12,281 ERROR [main][NacosPropertySourceBuilder.java:109] - parse data from Nacos error,dataId:transaction-service.yaml,data:# 覆盖spring‐boot‐http.yaml的项目
server:
    servlet:
        context‐path: /transaction
# 覆盖spring‐boot‐starter‐druid.yaml的项目
spring:
    datasource:
        druid:
            url: jdbc:mysql://192.168.26.128:3380/shanjupay_transaction?useUnicode=true&characterEncoding=UTF‐8&serverTimezone=Asia/Shanghai&useSSL=false
            username: root
            password: 123456
# 覆盖spring‐boot‐mybatis‐plus.yaml的项目
mybatis‐plus:
        typeAliasesPackage: com.shanjupay.transaction.entity
            mapper‐locations: classpath:com/shanjupay/*/mapper/*.xml,
mapping values are not allowed here
 in 'reader', line 15, column 29:
                mapper‐locations: classpath:com/shanjupay/*/mapp ... 
                                ^

	at org.yaml.snakeyaml.scanner.ScannerImpl.fetchValue(ScannerImpl.java:870)
	at org.yaml.snakeyaml.scanner.ScannerImpl.fetchMoreTokens(ScannerImpl.java:358)
	at org.yaml.snakeyaml.scanner.ScannerImpl.checkToken(ScannerImpl.java:227)
	at org.yaml.snakeyaml.parser.ParserImpl$ParseBlockMappingKey.produce(ParserImpl.java:558)
	at org.yaml.snakeyaml.parser.ParserImpl.peekEvent(ParserImpl.java:158)
	at org.yaml.snakeyaml.parser.ParserImpl.checkEvent(ParserImpl.java:148)
	at org.yaml.snakeyaml.composer.Composer.composeMappingNode(Composer.java:214)
	at org.yaml.snakeyaml.composer.Composer.composeNode(Composer.java:144)
	at org.yaml.snakeyaml.composer.Composer.composeValueNode(Composer.java:236)
	at org.yaml.snakeyaml.composer.Composer.composeMappingChildren(Composer.java:227)
	at org.yaml.snakeyaml.composer.Composer.composeMappingNode(Composer.java:215)
	at org.yaml.snakeyaml.composer.Composer.composeNode(Composer.java:144)
	at org.yaml.snakeyaml.composer.Composer.getNode(Composer.java:85)
	at org.yaml.snakeyaml.constructor.BaseConstructor.getData(BaseConstructor.java:123)
	at org.yaml.snakeyaml.Yaml$1.next(Yaml.java:547)
	at org.springframework.beans.factory.config.YamlProcessor.process(YamlProcessor.java:161)
	at org.springframework.beans.factory.config.YamlProcessor.process(YamlProcessor.java:134)
	at org.springframework.beans.factory.config.YamlPropertiesFactoryBean.createProperties(YamlPropertiesFactoryBean.java:135)
	at org.springframework.beans.factory.config.YamlPropertiesFactoryBean.getObject(YamlPropertiesFactoryBean.java:115)
	at com.alibaba.cloud.nacos.client.NacosPropertySourceBuilder.loadNacosData(NacosPropertySourceBuilder.java:100)
	at com.alibaba.cloud.nacos.client.NacosPropertySourceBuilder.build(NacosPropertySourceBuilder.java:75)
	at com.alibaba.cloud.nacos.client.NacosPropertySourceLocator.loadNacosDataIfPresent(NacosPropertySourceLocator.java:179)
	at com.alibaba.cloud.nacos.client.NacosPropertySourceLocator.loadApplicationConfiguration(NacosPropertySourceLocator.java:155)
	at com.alibaba.cloud.nacos.client.NacosPropertySourceLocator.locate(NacosPropertySourceLocator.java:88)
	at org.springframework.cloud.bootstrap.config.PropertySourceBootstrapConfiguration.initialize(PropertySourceBootstrapConfiguration.java:94)
	at org.springframework.boot.SpringApplication.applyInitializers(SpringApplication.java:649)
	at org.springframework.boot.SpringApplication.prepareContext(SpringApplication.java:373)
	at org.springframework.boot.SpringApplication.run(SpringApplication.java:314)
	at org.springframework.boot.SpringApplication.run(SpringApplication.java:1260)
	at org.springframework.boot.SpringApplication.run(SpringApplication.java:1248)
	at com.shanjupay.transaction.TransactionBootstrap.main(TransactionBootstrap.java:11)
[${project.name}][${env:SERVER_PORT}] 2023-06-11 18:34:12,288 INFO [main][PropertySourceBootstrapConfiguration.java:98] - Located property source: CompositePropertySource {name='NACOS', propertySources=[NacosPropertySource {name='transaction-service.yaml'}, NacosPropertySource {name='spring-boot-mybatis-plus.yaml'}, NacosPropertySource {name='spring-boot-starter-druid.yaml'}, NacosPropertySource {name='spring-boot-http.yaml'}]}
[${project.name}][${env:SERVER_PORT}] 2023-06-11 18:34:12,309 INFO [main][SpringApplication.java:675] - No active profile set, falling back to default profiles: default
[${project.name}][${env:SERVER_PORT}] 2023-06-11 18:34:12,955 WARN [main][EndpointId.java:135] - Endpoint ID 'nacos-config' contains invalid characters, please migrate to a valid format.
[${project.name}][${env:SERVER_PORT}] 2023-06-11 18:34:12,958 WARN [main][EndpointId.java:135] - Endpoint ID 'nacos-discovery' contains invalid characters, please migrate to a valid format.
[${project.name}][${env:SERVER_PORT}] 2023-06-11 18:34:12,981 INFO [main][DubboConfigBindingRegistrar.java:127] - The dubbo config bean definition [name : org.apache.dubbo.config.ApplicationConfig#0, class : org.apache.dubbo.config.ApplicationConfig] has been registered.
[${project.name}][${env:SERVER_PORT}] 2023-06-11 18:34:12,983 INFO [main][DubboConfigBindingRegistrar.java:151] - The BeanPostProcessor bean definition [org.apache.dubbo.config.spring.beans.factory.annotation.DubboConfigBindingBeanPostProcessor] for dubbo config bean [name : org.apache.dubbo.config.ApplicationConfig#0] has been registered.
[${project.name}][${env:SERVER_PORT}] 2023-06-11 18:34:12,983 INFO [main][DubboConfigBindingRegistrar.java:127] - The dubbo config bean definition [name : org.apache.dubbo.config.RegistryConfig#0, class : org.apache.dubbo.config.RegistryConfig] has been registered.
[${project.name}][${env:SERVER_PORT}] 2023-06-11 18:34:12,984 INFO [main][DubboConfigBindingRegistrar.java:151] - The BeanPostProcessor bean definition [org.apache.dubbo.config.spring.beans.factory.annotation.DubboConfigBindingBeanPostProcessor] for dubbo config bean [name : org.apache.dubbo.config.RegistryConfig#0] has been registered.
[${project.name}][${env:SERVER_PORT}] 2023-06-11 18:34:12,984 INFO [main][DubboConfigBindingRegistrar.java:127] - The dubbo config bean definition [name : org.apache.dubbo.config.ProtocolConfig#0, class : org.apache.dubbo.config.ProtocolConfig] has been registered.
[${project.name}][${env:SERVER_PORT}] 2023-06-11 18:34:12,984 INFO [main][DubboConfigBindingRegistrar.java:151] - The BeanPostProcessor bean definition [org.apache.dubbo.config.spring.beans.factory.annotation.DubboConfigBindingBeanPostProcessor] for dubbo config bean [name : org.apache.dubbo.config.ProtocolConfig#0] has been registered.
[${project.name}][${env:SERVER_PORT}] 2023-06-11 18:34:12,985 INFO [main][DubboConfigBindingRegistrar.java:127] - The dubbo config bean definition [name : org.apache.dubbo.config.ConsumerConfig#0, class : org.apache.dubbo.config.ConsumerConfig] has been registered.
[${project.name}][${env:SERVER_PORT}] 2023-06-11 18:34:12,985 INFO [main][DubboConfigBindingRegistrar.java:151] - The BeanPostProcessor bean definition [org.apache.dubbo.config.spring.beans.factory.annotation.DubboConfigBindingBeanPostProcessor] for dubbo config bean [name : org.apache.dubbo.config.ConsumerConfig#0] has been registered.
[${project.name}][${env:SERVER_PORT}] 2023-06-11 18:34:13,147 INFO [main][RepositoryConfigurationDelegate.java:244] - Multiple Spring Data modules found, entering strict repository configuration mode!
[${project.name}][${env:SERVER_PORT}] 2023-06-11 18:34:13,150 INFO [main][RepositoryConfigurationDelegate.java:126] - Bootstrapping Spring Data repositories in DEFAULT mode.
[${project.name}][${env:SERVER_PORT}] 2023-06-11 18:34:13,186 INFO [main][RepositoryConfigurationDelegate.java:182] - Finished Spring Data repository scanning in 16ms. Found 0 repository interfaces.
[${project.name}][${env:SERVER_PORT}] 2023-06-11 18:34:13,283 WARN [main][EndpointId.java:135] - Endpoint ID 'service-registry' contains invalid characters, please migrate to a valid format.
[${project.name}][${env:SERVER_PORT}] 2023-06-11 18:34:13,358 INFO [main][ServiceAnnotationBeanPostProcessor.java:204] -  [DUBBO] BeanNameGenerator bean can't be found in BeanFactory with name [org.springframework.context.annotation.internalConfigurationBeanNameGenerator], dubbo version: 2.7.3, current host: 192.168.26.1
[${project.name}][${env:SERVER_PORT}] 2023-06-11 18:34:13,359 INFO [main][ServiceAnnotationBeanPostProcessor.java:206] -  [DUBBO] BeanNameGenerator will be a instance of org.springframework.context.annotation.AnnotationBeanNameGenerator , it maybe a potential problem on bean name generation., dubbo version: 2.7.3, current host: 192.168.26.1
[${project.name}][${env:SERVER_PORT}] 2023-06-11 18:34:13,388 WARN [main][ServiceAnnotationBeanPostProcessor.java:169] -  [DUBBO] No Spring Bean annotating Dubbo's @Service was found under package[com.shanjupay], dubbo version: 2.7.3, current host: 192.168.26.1
[${project.name}][${env:SERVER_PORT}] 2023-06-11 18:34:13,391 INFO [main][ConfigurationClassPostProcessor.java:380] - Cannot enhance @Configuration bean definition 'org.apache.dubbo.spring.boot.autoconfigure.DubboRelaxedBinding2AutoConfiguration' since its singleton instance has been created too early. The typical cause is a non-static @Bean method with a BeanDefinitionRegistryPostProcessor return type: Consider declaring such methods as 'static'.
[${project.name}][${env:SERVER_PORT}] 2023-06-11 18:34:13,391 INFO [main][ConfigurationClassPostProcessor.java:380] - Cannot enhance @Configuration bean definition 'org.apache.dubbo.spring.boot.autoconfigure.DubboAutoConfiguration' since its singleton instance has been created too early. The typical cause is a non-static @Bean method with a BeanDefinitionRegistryPostProcessor return type: Consider declaring such methods as 'static'.
[${project.name}][${env:SERVER_PORT}] 2023-06-11 18:34:13,533 INFO [main][GenericScope.java:294] - BeanFactory id=e303090a-48c4-38ff-8a83-b557f2dd4cd0
[${project.name}][${env:SERVER_PORT}] 2023-06-11 18:34:13,672 INFO [main][PostProcessorRegistrationDelegate.java:330] - Bean 'org.springframework.transaction.annotation.ProxyTransactionManagementConfiguration' of type [org.springframework.transaction.annotation.ProxyTransactionManagementConfiguration$$EnhancerBySpringCGLIB$$7beb6de2] is not eligible for getting processed by all BeanPostProcessors (for example: not eligible for auto-proxying)
[${project.name}][${env:SERVER_PORT}] 2023-06-11 18:34:13,779 INFO [main][PostProcessorRegistrationDelegate.java:330] - Bean 'com.alibaba.cloud.dubbo.autoconfigure.DubboOpenFeignAutoConfiguration' of type [com.alibaba.cloud.dubbo.autoconfigure.DubboOpenFeignAutoConfiguration$$EnhancerBySpringCGLIB$$ffacbce6] is not eligible for getting processed by all BeanPostProcessors (for example: not eligible for auto-proxying)
[${project.name}][${env:SERVER_PORT}] 2023-06-11 18:34:13,802 INFO [main][PostProcessorRegistrationDelegate.java:330] - Bean 'dubbo.cloud-com.alibaba.cloud.dubbo.env.DubboCloudProperties' of type [com.alibaba.cloud.dubbo.env.DubboCloudProperties] is not eligible for getting processed by all BeanPostProcessors (for example: not eligible for auto-proxying)
[${project.name}][${env:SERVER_PORT}] 2023-06-11 18:34:13,817 INFO [main][PostProcessorRegistrationDelegate.java:330] - Bean 'metadataJsonResolver' of type [com.alibaba.cloud.dubbo.metadata.resolver.DubboServiceBeanMetadataResolver] is not eligible for getting processed by all BeanPostProcessors (for example: not eligible for auto-proxying)
[${project.name}][${env:SERVER_PORT}] 2023-06-11 18:34:13,827 INFO [main][PostProcessorRegistrationDelegate.java:330] - Bean 'org.apache.dubbo.config.ApplicationConfig#0' of type [org.apache.dubbo.config.ApplicationConfig] is not eligible for getting processed by all BeanPostProcessors (for example: not eligible for auto-proxying)
[${project.name}][${env:SERVER_PORT}] 2023-06-11 18:34:13,832 INFO [main][PostProcessorRegistrationDelegate.java:330] - Bean 'dubboProtocolConfigSupplier' of type [com.alibaba.cloud.dubbo.metadata.DubboProtocolConfigSupplier] is not eligible for getting processed by all BeanPostProcessors (for example: not eligible for auto-proxying)
[${project.name}][${env:SERVER_PORT}] 2023-06-11 18:34:13,833 INFO [main][PostProcessorRegistrationDelegate.java:330] - Bean 'com.alibaba.cloud.dubbo.service.DubboMetadataServiceExporter' of type [com.alibaba.cloud.dubbo.service.DubboMetadataServiceExporter] is not eligible for getting processed by all BeanPostProcessors (for example: not eligible for auto-proxying)
[${project.name}][${env:SERVER_PORT}] 2023-06-11 18:34:13,833 INFO [main][PostProcessorRegistrationDelegate.java:330] - Bean 'com.alibaba.cloud.dubbo.autoconfigure.DubboMetadataAutoConfiguration' of type [com.alibaba.cloud.dubbo.autoconfigure.DubboMetadataAutoConfiguration$$EnhancerBySpringCGLIB$$71ec5960] is not eligible for getting processed by all BeanPostProcessors (for example: not eligible for auto-proxying)
[${project.name}][${env:SERVER_PORT}] 2023-06-11 18:34:13,837 INFO [main][PostProcessorRegistrationDelegate.java:330] - Bean 'com.alibaba.cloud.dubbo.autoconfigure.DubboServiceAutoConfiguration' of type [com.alibaba.cloud.dubbo.autoconfigure.DubboServiceAutoConfiguration$$EnhancerBySpringCGLIB$$49661b8] is not eligible for getting processed by all BeanPostProcessors (for example: not eligible for auto-proxying)
[${project.name}][${env:SERVER_PORT}] 2023-06-11 18:34:13,842 INFO [main][PostProcessorRegistrationDelegate.java:330] - Bean 'dubboGenericServiceFactory' of type [com.alibaba.cloud.dubbo.service.DubboGenericServiceFactory] is not eligible for getting processed by all BeanPostProcessors (for example: not eligible for auto-proxying)
[${project.name}][${env:SERVER_PORT}] 2023-06-11 18:34:13,846 INFO [main][PostProcessorRegistrationDelegate.java:330] - Bean 'dubboMetadataConfigServiceProxy' of type [com.alibaba.cloud.dubbo.service.DubboMetadataServiceProxy] is not eligible for getting processed by all BeanPostProcessors (for example: not eligible for auto-proxying)
[${project.name}][${env:SERVER_PORT}] 2023-06-11 18:34:13,850 INFO [main][PostProcessorRegistrationDelegate.java:330] - Bean 'org.springframework.cloud.client.discovery.composite.CompositeDiscoveryClientAutoConfiguration' of type [org.springframework.cloud.client.discovery.composite.CompositeDiscoveryClientAutoConfiguration$$EnhancerBySpringCGLIB$$c4db9b72] is not eligible for getting processed by all BeanPostProcessors (for example: not eligible for auto-proxying)
[${project.name}][${env:SERVER_PORT}] 2023-06-11 18:34:13,855 INFO [main][PostProcessorRegistrationDelegate.java:330] - Bean 'com.alibaba.cloud.nacos.discovery.NacosDiscoveryClientAutoConfiguration' of type [com.alibaba.cloud.nacos.discovery.NacosDiscoveryClientAutoConfiguration$$EnhancerBySpringCGLIB$$b8a6a437] is not eligible for getting processed by all BeanPostProcessors (for example: not eligible for auto-proxying)
[${project.name}][${env:SERVER_PORT}] 2023-06-11 18:34:13,865 INFO [main][PostProcessorRegistrationDelegate.java:330] - Bean 'org.springframework.cloud.commons.util.UtilAutoConfiguration' of type [org.springframework.cloud.commons.util.UtilAutoConfiguration$$EnhancerBySpringCGLIB$$43993766] is not eligible for getting processed by all BeanPostProcessors (for example: not eligible for auto-proxying)
[${project.name}][${env:SERVER_PORT}] 2023-06-11 18:34:13,871 INFO [main][PostProcessorRegistrationDelegate.java:330] - Bean 'inetUtilsProperties' of type [org.springframework.cloud.commons.util.InetUtilsProperties] is not eligible for getting processed by all BeanPostProcessors (for example: not eligible for auto-proxying)
[${project.name}][${env:SERVER_PORT}] 2023-06-11 18:34:13,873 INFO [main][PostProcessorRegistrationDelegate.java:330] - Bean 'inetUtils' of type [org.springframework.cloud.commons.util.InetUtils] is not eligible for getting processed by all BeanPostProcessors (for example: not eligible for auto-proxying)
[${project.name}][${env:SERVER_PORT}] 2023-06-11 18:34:14,417 INFO [main][PostProcessorRegistrationDelegate.java:330] - Bean 'nacosProperties' of type [com.alibaba.cloud.nacos.NacosDiscoveryProperties] is not eligible for getting processed by all BeanPostProcessors (for example: not eligible for auto-proxying)
[${project.name}][${env:SERVER_PORT}] 2023-06-11 18:34:14,422 INFO [main][PostProcessorRegistrationDelegate.java:330] - Bean 'nacosDiscoveryClient' of type [com.alibaba.cloud.nacos.discovery.NacosDiscoveryClient] is not eligible for getting processed by all BeanPostProcessors (for example: not eligible for auto-proxying)
[${project.name}][${env:SERVER_PORT}] 2023-06-11 18:34:14,439 INFO [main][PostProcessorRegistrationDelegate.java:330] - Bean 'server-org.springframework.boot.autoconfigure.web.ServerProperties' of type [org.springframework.boot.autoconfigure.web.ServerProperties] is not eligible for getting processed by all BeanPostProcessors (for example: not eligible for auto-proxying)
[${project.name}][${env:SERVER_PORT}] 2023-06-11 18:34:14,442 INFO [main][PostProcessorRegistrationDelegate.java:330] - Bean 'org.springframework.cloud.client.discovery.simple.SimpleDiscoveryClientAutoConfiguration' of type [org.springframework.cloud.client.discovery.simple.SimpleDiscoveryClientAutoConfiguration$$EnhancerBySpringCGLIB$$910a3440] is not eligible for getting processed by all BeanPostProcessors (for example: not eligible for auto-proxying)
[${project.name}][${env:SERVER_PORT}] 2023-06-11 18:34:14,976 INFO [main][PostProcessorRegistrationDelegate.java:330] - Bean 'simpleDiscoveryProperties' of type [org.springframework.cloud.client.discovery.simple.SimpleDiscoveryProperties] is not eligible for getting processed by all BeanPostProcessors (for example: not eligible for auto-proxying)
[${project.name}][${env:SERVER_PORT}] 2023-06-11 18:34:14,978 INFO [main][PostProcessorRegistrationDelegate.java:330] - Bean 'simpleDiscoveryClient' of type [org.springframework.cloud.client.discovery.simple.SimpleDiscoveryClient] is not eligible for getting processed by all BeanPostProcessors (for example: not eligible for auto-proxying)
[${project.name}][${env:SERVER_PORT}] 2023-06-11 18:34:14,982 INFO [main][PostProcessorRegistrationDelegate.java:330] - Bean 'compositeDiscoveryClient' of type [org.springframework.cloud.client.discovery.composite.CompositeDiscoveryClient] is not eligible for getting processed by all BeanPostProcessors (for example: not eligible for auto-proxying)
[${project.name}][${env:SERVER_PORT}] 2023-06-11 18:34:14,986 INFO [main][PostProcessorRegistrationDelegate.java:330] - Bean 'com.alibaba.cloud.dubbo.util.JSONUtils' of type [com.alibaba.cloud.dubbo.util.JSONUtils] is not eligible for getting processed by all BeanPostProcessors (for example: not eligible for auto-proxying)
[${project.name}][${env:SERVER_PORT}] 2023-06-11 18:34:15,047 WARN [main][DubboServiceMetadataRepository.java:216] - Current application will subscribe all services(size:2) in registry, a lot of memory and CPU cycles may be used, thus it's strongly recommend you using the externalized property 'dubbo.cloud.subscribed-services' to specify the services
[${project.name}][${env:SERVER_PORT}] 2023-06-11 18:34:15,047 INFO [main][PostProcessorRegistrationDelegate.java:330] - Bean 'com.alibaba.cloud.dubbo.metadata.repository.DubboServiceMetadataRepository' of type [com.alibaba.cloud.dubbo.metadata.repository.DubboServiceMetadataRepository] is not eligible for getting processed by all BeanPostProcessors (for example: not eligible for auto-proxying)
[${project.name}][${env:SERVER_PORT}] 2023-06-11 18:34:15,074 INFO [main][PostProcessorRegistrationDelegate.java:330] - Bean 'com.alibaba.cloud.dubbo.service.parameter.RequestParamServiceParameterResolver' of type [com.alibaba.cloud.dubbo.service.parameter.RequestParamServiceParameterResolver] is not eligible for getting processed by all BeanPostProcessors (for example: not eligible for auto-proxying)
[${project.name}][${env:SERVER_PORT}] 2023-06-11 18:34:15,089 INFO [main][PostProcessorRegistrationDelegate.java:330] - Bean 'spring.http-org.springframework.boot.autoconfigure.http.HttpProperties' of type [org.springframework.boot.autoconfigure.http.HttpProperties] is not eligible for getting processed by all BeanPostProcessors (for example: not eligible for auto-proxying)
[${project.name}][${env:SERVER_PORT}] 2023-06-11 18:34:15,093 INFO [main][PostProcessorRegistrationDelegate.java:330] - Bean 'org.springframework.boot.autoconfigure.http.HttpMessageConvertersAutoConfiguration$StringHttpMessageConverterConfiguration' of type [org.springframework.boot.autoconfigure.http.HttpMessageConvertersAutoConfiguration$StringHttpMessageConverterConfiguration$$EnhancerBySpringCGLIB$$c92d0016] is not eligible for getting processed by all BeanPostProcessors (for example: not eligible for auto-proxying)
[${project.name}][${env:SERVER_PORT}] 2023-06-11 18:34:15,100 INFO [main][PostProcessorRegistrationDelegate.java:330] - Bean 'stringHttpMessageConverter' of type [org.springframework.http.converter.StringHttpMessageConverter] is not eligible for getting processed by all BeanPostProcessors (for example: not eligible for auto-proxying)
[${project.name}][${env:SERVER_PORT}] 2023-06-11 18:34:15,103 INFO [main][PostProcessorRegistrationDelegate.java:330] - Bean 'org.springframework.boot.autoconfigure.http.JacksonHttpMessageConvertersConfiguration$MappingJackson2HttpMessageConverterConfiguration' of type [org.springframework.boot.autoconfigure.http.JacksonHttpMessageConvertersConfiguration$MappingJackson2HttpMessageConverterConfiguration$$EnhancerBySpringCGLIB$$302fc16] is not eligible for getting processed by all BeanPostProcessors (for example: not eligible for auto-proxying)
[${project.name}][${env:SERVER_PORT}] 2023-06-11 18:34:15,109 INFO [main][PostProcessorRegistrationDelegate.java:330] - Bean 'org.springframework.boot.autoconfigure.jackson.JacksonAutoConfiguration$JacksonObjectMapperConfiguration' of type [org.springframework.boot.autoconfigure.jackson.JacksonAutoConfiguration$JacksonObjectMapperConfiguration$$EnhancerBySpringCGLIB$$d77eed73] is not eligible for getting processed by all BeanPostProcessors (for example: not eligible for auto-proxying)
[${project.name}][${env:SERVER_PORT}] 2023-06-11 18:34:15,115 INFO [main][PostProcessorRegistrationDelegate.java:330] - Bean 'org.springframework.boot.autoconfigure.jackson.JacksonAutoConfiguration$JacksonObjectMapperBuilderConfiguration' of type [org.springframework.boot.autoconfigure.jackson.JacksonAutoConfiguration$JacksonObjectMapperBuilderConfiguration$$EnhancerBySpringCGLIB$$89cbaf8c] is not eligible for getting processed by all BeanPostProcessors (for example: not eligible for auto-proxying)
[${project.name}][${env:SERVER_PORT}] 2023-06-11 18:34:15,120 INFO [main][PostProcessorRegistrationDelegate.java:330] - Bean 'org.springframework.boot.autoconfigure.jackson.JacksonAutoConfiguration$Jackson2ObjectMapperBuilderCustomizerConfiguration' of type [org.springframework.boot.autoconfigure.jackson.JacksonAutoConfiguration$Jackson2ObjectMapperBuilderCustomizerConfiguration$$EnhancerBySpringCGLIB$$44e2957b] is not eligible for getting processed by all BeanPostProcessors (for example: not eligible for auto-proxying)
[${project.name}][${env:SERVER_PORT}] 2023-06-11 18:34:15,125 INFO [main][PostProcessorRegistrationDelegate.java:330] - Bean 'spring.jackson-org.springframework.boot.autoconfigure.jackson.JacksonProperties' of type [org.springframework.boot.autoconfigure.jackson.JacksonProperties] is not eligible for getting processed by all BeanPostProcessors (for example: not eligible for auto-proxying)
[${project.name}][${env:SERVER_PORT}] 2023-06-11 18:34:15,129 INFO [main][PostProcessorRegistrationDelegate.java:330] - Bean 'standardJacksonObjectMapperBuilderCustomizer' of type [org.springframework.boot.autoconfigure.jackson.JacksonAutoConfiguration$Jackson2ObjectMapperBuilderCustomizerConfiguration$StandardJackson2ObjectMapperBuilderCustomizer] is not eligible for getting processed by all BeanPostProcessors (for example: not eligible for auto-proxying)
[${project.name}][${env:SERVER_PORT}] 2023-06-11 18:34:15,135 INFO [main][PostProcessorRegistrationDelegate.java:330] - Bean 'org.springframework.boot.autoconfigure.jackson.JacksonAutoConfiguration$ParameterNamesModuleConfiguration' of type [org.springframework.boot.autoconfigure.jackson.JacksonAutoConfiguration$ParameterNamesModuleConfiguration$$EnhancerBySpringCGLIB$$6bae0ca9] is not eligible for getting processed by all BeanPostProcessors (for example: not eligible for auto-proxying)
[${project.name}][${env:SERVER_PORT}] 2023-06-11 18:34:15,146 INFO [main][PostProcessorRegistrationDelegate.java:330] - Bean 'parameterNamesModule' of type [com.fasterxml.jackson.module.paramnames.ParameterNamesModule] is not eligible for getting processed by all BeanPostProcessors (for example: not eligible for auto-proxying)
[${project.name}][${env:SERVER_PORT}] 2023-06-11 18:34:15,149 INFO [main][PostProcessorRegistrationDelegate.java:330] - Bean 'org.springframework.boot.autoconfigure.jackson.JacksonAutoConfiguration' of type [org.springframework.boot.autoconfigure.jackson.JacksonAutoConfiguration$$EnhancerBySpringCGLIB$$b98a8b02] is not eligible for getting processed by all BeanPostProcessors (for example: not eligible for auto-proxying)
[${project.name}][${env:SERVER_PORT}] 2023-06-11 18:34:15,158 INFO [main][PostProcessorRegistrationDelegate.java:330] - Bean 'jsonComponentModule' of type [org.springframework.boot.jackson.JsonComponentModule] is not eligible for getting processed by all BeanPostProcessors (for example: not eligible for auto-proxying)
[${project.name}][${env:SERVER_PORT}] 2023-06-11 18:34:15,160 INFO [main][PostProcessorRegistrationDelegate.java:330] - Bean 'org.springframework.data.web.config.SpringDataJacksonConfiguration' of type [org.springframework.data.web.config.SpringDataJacksonConfiguration] is not eligible for getting processed by all BeanPostProcessors (for example: not eligible for auto-proxying)
[${project.name}][${env:SERVER_PORT}] 2023-06-11 18:34:15,166 INFO [main][PostProcessorRegistrationDelegate.java:330] - Bean 'jacksonGeoModule' of type [org.springframework.data.geo.GeoModule] is not eligible for getting processed by all BeanPostProcessors (for example: not eligible for auto-proxying)
[${project.name}][${env:SERVER_PORT}] 2023-06-11 18:34:15,171 INFO [main][PostProcessorRegistrationDelegate.java:330] - Bean 'jacksonObjectMapperBuilder' of type [org.springframework.http.converter.json.Jackson2ObjectMapperBuilder] is not eligible for getting processed by all BeanPostProcessors (for example: not eligible for auto-proxying)
[${project.name}][${env:SERVER_PORT}] 2023-06-11 18:34:15,194 INFO [main][PostProcessorRegistrationDelegate.java:330] - Bean 'jacksonObjectMapper' of type [com.fasterxml.jackson.databind.ObjectMapper] is not eligible for getting processed by all BeanPostProcessors (for example: not eligible for auto-proxying)
[${project.name}][${env:SERVER_PORT}] 2023-06-11 18:34:15,205 INFO [main][PostProcessorRegistrationDelegate.java:330] - Bean 'mappingJackson2HttpMessageConverter' of type [org.springframework.http.converter.json.MappingJackson2HttpMessageConverter] is not eligible for getting processed by all BeanPostProcessors (for example: not eligible for auto-proxying)
[${project.name}][${env:SERVER_PORT}] 2023-06-11 18:34:15,212 INFO [main][PostProcessorRegistrationDelegate.java:330] - Bean 'org.springframework.boot.autoconfigure.http.HttpMessageConvertersAutoConfiguration' of type [org.springframework.boot.autoconfigure.http.HttpMessageConvertersAutoConfiguration$$EnhancerBySpringCGLIB$$961f3976] is not eligible for getting processed by all BeanPostProcessors (for example: not eligible for auto-proxying)
[${project.name}][${env:SERVER_PORT}] 2023-06-11 18:34:15,221 INFO [main][PostProcessorRegistrationDelegate.java:330] - Bean 'messageConverters' of type [org.springframework.boot.autoconfigure.http.HttpMessageConverters] is not eligible for getting processed by all BeanPostProcessors (for example: not eligible for auto-proxying)
[${project.name}][${env:SERVER_PORT}] 2023-06-11 18:34:15,224 INFO [main][PostProcessorRegistrationDelegate.java:330] - Bean 'com.alibaba.cloud.dubbo.service.parameter.RequestBodyServiceParameterResolver' of type [com.alibaba.cloud.dubbo.service.parameter.RequestBodyServiceParameterResolver] is not eligible for getting processed by all BeanPostProcessors (for example: not eligible for auto-proxying)
[${project.name}][${env:SERVER_PORT}] 2023-06-11 18:34:15,231 INFO [main][PostProcessorRegistrationDelegate.java:330] - Bean 'com.alibaba.cloud.dubbo.service.parameter.RequestHeaderServiceParameterResolver' of type [com.alibaba.cloud.dubbo.service.parameter.RequestHeaderServiceParameterResolver] is not eligible for getting processed by all BeanPostProcessors (for example: not eligible for auto-proxying)
[${project.name}][${env:SERVER_PORT}] 2023-06-11 18:34:15,236 INFO [main][PostProcessorRegistrationDelegate.java:330] - Bean 'com.alibaba.cloud.dubbo.service.parameter.PathVariableServiceParameterResolver' of type [com.alibaba.cloud.dubbo.service.parameter.PathVariableServiceParameterResolver] is not eligible for getting processed by all BeanPostProcessors (for example: not eligible for auto-proxying)
[${project.name}][${env:SERVER_PORT}] 2023-06-11 18:34:15,237 INFO [main][PostProcessorRegistrationDelegate.java:330] - Bean 'com.alibaba.cloud.dubbo.service.DubboGenericServiceExecutionContextFactory' of type [com.alibaba.cloud.dubbo.service.DubboGenericServiceExecutionContextFactory] is not eligible for getting processed by all BeanPostProcessors (for example: not eligible for auto-proxying)
[${project.name}][${env:SERVER_PORT}] 2023-06-11 18:34:15,249 INFO [main][PostProcessorRegistrationDelegate.java:330] - Bean 'relaxedDubboConfigBinder' of type [org.apache.dubbo.spring.boot.autoconfigure.BinderDubboConfigBinder] is not eligible for getting processed by all BeanPostProcessors (for example: not eligible for auto-proxying)
[${project.name}][${env:SERVER_PORT}] 2023-06-11 18:34:15,255 INFO [main][PostProcessorRegistrationDelegate.java:330] - Bean 'relaxedDubboConfigBinder' of type [org.apache.dubbo.spring.boot.autoconfigure.BinderDubboConfigBinder] is not eligible for getting processed by all BeanPostProcessors (for example: not eligible for auto-proxying)
[${project.name}][${env:SERVER_PORT}] 2023-06-11 18:34:15,258 INFO [main][PostProcessorRegistrationDelegate.java:330] - Bean 'relaxedDubboConfigBinder' of type [org.apache.dubbo.spring.boot.autoconfigure.BinderDubboConfigBinder] is not eligible for getting processed by all BeanPostProcessors (for example: not eligible for auto-proxying)
[${project.name}][${env:SERVER_PORT}] 2023-06-11 18:34:15,260 INFO [main][PostProcessorRegistrationDelegate.java:330] - Bean 'relaxedDubboConfigBinder' of type [org.apache.dubbo.spring.boot.autoconfigure.BinderDubboConfigBinder] is not eligible for getting processed by all BeanPostProcessors (for example: not eligible for auto-proxying)
[${project.name}][${env:SERVER_PORT}] 2023-06-11 18:34:15,276 INFO [main][PostProcessorRegistrationDelegate.java:330] - Bean 'org.springframework.cloud.autoconfigure.ConfigurationPropertiesRebinderAutoConfiguration' of type [org.springframework.cloud.autoconfigure.ConfigurationPropertiesRebinderAutoConfiguration$$EnhancerBySpringCGLIB$$980570df] is not eligible for getting processed by all BeanPostProcessors (for example: not eligible for auto-proxying)
[${project.name}][${env:SERVER_PORT}] 2023-06-11 18:34:15,572 INFO [main][TomcatWebServer.java:90] - Tomcat initialized with port(s): 56050 (http)
[${project.name}][${env:SERVER_PORT}] 2023-06-11 18:34:15,585 INFO [main][DirectJDKLog.java:173] - Initializing ProtocolHandler ["http-nio-56050"]
[${project.name}][${env:SERVER_PORT}] 2023-06-11 18:34:15,593 INFO [main][DirectJDKLog.java:173] - Starting service [Tomcat]
[${project.name}][${env:SERVER_PORT}] 2023-06-11 18:34:15,594 INFO [main][DirectJDKLog.java:173] - Starting Servlet engine: [Apache Tomcat/9.0.16]
[${project.name}][${env:SERVER_PORT}] 2023-06-11 18:34:15,601 INFO [main][DirectJDKLog.java:173] - The APR based Apache Tomcat Native library which allows optimal performance in production environments was not found on the java.library.path: [D:\1575443749\JDK11\bin;C:\WINDOWS\Sun\Java\bin;C:\WINDOWS\system32;C:\WINDOWS;D:\VMware\bin\;D:\1575443749\python\Scripts\;D:\1575443749\python;C:\Program Files (x86)\Common Files\Oracle\Java\javapath;D:\app\15754\product\11.2.0\dbhome_1\bin;D:\15754\Videos\WINDOWS.X64_193000_db_home\bin;C:\Windows\system32;C:\Windows;C:\Windows\System32\Wbem;C:\Windows\System32\WindowsPowerShell\v1.0\;C:\Windows\System32\OpenSSH\;C:\Program Files (x86)\NVIDIA Corporation\PhysX\Common;C:\Program Files\NVIDIA Corporation\NVIDIA NvDLISR;C:\WINDOWS\system32;C:\WINDOWS;C:\WINDOWS\System32\Wbem;C:\WINDOWS\System32\WindowsPowerShell\v1.0\;C:\WINDOWS\System32\OpenSSH\;D:\1575443749\MySQL\bin;D:\15754\Videos\apache-tomcat-9.0.62-windows-x64\apache-tomcat-9.0.62\bin;C:\Program Files\dotnet\;D:\1575443749\nodejs\;D:\1575443749\Git\cmd;D:\1575443749\maven\apache-maven-3.5.4\bin;D:\erlang\erl9.3\bin;D:\rabbitmq\rabbitmq_server-3.7.14\sbin;C:\Program Files (x86)\Tencent\微信web开发者工具\dll;D:\微信开发\微信web开发者工具\dll;D:\wechatDevelpment\微信web开发者工具\dll;D:\JDK\bin;D:\scoop\shims;D:\scoop\\shims;D:\Users\15754\anaconda3;D:\Users\15754\anaconda3\Library\mingw-w64\bin;D:\Users\15754\anaconda3\Library\usr\bin;D:\Users\15754\anaconda3\Library\bin;D:\Users\15754\anaconda3\Scripts;C:\Program Files\MySQL\MySQL Shell 8.0\bin\;C:\Users\15754\AppData\Local\Microsoft\WindowsApps;D:\1575443749\Microsoft VS Code\bin;C:\Users\15754\AppData\Roaming\npm;D:\1575443749\MySQL\bin;.]
[${project.name}][${env:SERVER_PORT}] 2023-06-11 18:34:15,746 INFO [main][DirectJDKLog.java:173] - Initializing Spring embedded WebApplicationContext
[${project.name}][${env:SERVER_PORT}] 2023-06-11 18:34:15,747 INFO [main][ServletWebServerApplicationContext.java:296] - Root WebApplicationContext: initialization completed in 3429 ms
[${project.name}][${env:SERVER_PORT}] 2023-06-11 18:34:16,168 INFO [main][DruidDataSourceAutoConfigure.java:56] - Init DruidDataSource
[${project.name}][${env:SERVER_PORT}] 2023-06-11 18:34:16,448 INFO [main][DruidDataSource.java:1002] - {dataSource-1} inited
[${project.name}][${env:SERVER_PORT}] 2023-06-11 18:34:17,831 WARN [main][URLConfigurationSource.java:121] - No URLs will be polled as dynamic configuration sources.
[${project.name}][${env:SERVER_PORT}] 2023-06-11 18:34:17,831 INFO [main][URLConfigurationSource.java:122] - To enable URLs as dynamic configuration sources, define System property archaius.configurationSource.additionalUrls or make config.properties available on classpath.
[${project.name}][${env:SERVER_PORT}] 2023-06-11 18:34:17,835 WARN [main][URLConfigurationSource.java:121] - No URLs will be polled as dynamic configuration sources.
[${project.name}][${env:SERVER_PORT}] 2023-06-11 18:34:17,835 INFO [main][URLConfigurationSource.java:122] - To enable URLs as dynamic configuration sources, define System property archaius.configurationSource.additionalUrls or make config.properties available on classpath.
[${project.name}][${env:SERVER_PORT}] 2023-06-11 18:34:18,045 INFO [main][ExecutorConfigurationSupport.java:171] - Initializing ExecutorService 'applicationTaskExecutor'
[${project.name}][${env:SERVER_PORT}] 2023-06-11 18:34:18,331 INFO [main][ExecutorConfigurationSupport.java:171] - Initializing ExecutorService
[${project.name}][${env:SERVER_PORT}] 2023-06-11 18:34:18,352 INFO [main][DubboConfigBindingBeanPostProcessor.java:109] - The properties of bean [name : org.apache.dubbo.config.RegistryConfig#0] have been binding by prefix of configuration properties : dubbo.registry
[${project.name}][${env:SERVER_PORT}] 2023-06-11 18:34:18,359 INFO [main][DubboConfigBindingBeanPostProcessor.java:109] - The properties of bean [name : org.apache.dubbo.config.ProtocolConfig#0] have been binding by prefix of configuration properties : dubbo.protocol
[${project.name}][${env:SERVER_PORT}] 2023-06-11 18:34:18,371 INFO [main][DubboConfigBindingBeanPostProcessor.java:109] - The properties of bean [name : org.apache.dubbo.config.ConsumerConfig#0] have been binding by prefix of configuration properties : dubbo.consumer
[${project.name}][${env:SERVER_PORT}] 2023-06-11 18:34:19,020 INFO [main][EndpointLinksResolver.java:59] - Exposing 4 endpoint(s) beneath base path '/actuator'
[${project.name}][${env:SERVER_PORT}] 2023-06-11 18:34:19,080 INFO [main][DubboServiceMetadataRepository.java:280] - The metadata of Dubbo service[name : merchantService] is about to be initialized
[${project.name}][${env:SERVER_PORT}] 2023-06-11 18:34:19,269 WARN [main][AbstractInterfaceConfig.java:265] -  [DUBBO] There's no valid metadata config found, if you are using the simplified mode of registry url, please make sure you have a metadata address configured properly., dubbo version: 2.7.3, current host: 192.168.26.1
[${project.name}][${env:SERVER_PORT}] 2023-06-11 18:34:19,275 INFO [main][AbstractInterfaceConfig.java:237] -  [DUBBO] There's no valid monitor config found, if you want to open monitor statistics for Dubbo, please make sure your monitor is configured properly., dubbo version: 2.7.3, current host: 192.168.26.1
[${project.name}][${env:SERVER_PORT}] 2023-06-11 18:34:19,276 INFO [main][AbstractInterfaceConfig.java:237] -  [DUBBO] There's no valid monitor config found, if you want to open monitor statistics for Dubbo, please make sure your monitor is configured properly., dubbo version: 2.7.3, current host: 192.168.26.1
[${project.name}][${env:SERVER_PORT}] 2023-06-11 18:34:19,292 INFO [main][QosProtocolWrapper.java:89] -  [DUBBO] qos won't be started because it is disabled. Please check dubbo.application.qos.enable is configured either in system property, dubbo.properties or XML/spring-boot configuration., dubbo version: 2.7.3, current host: 192.168.26.1
[${project.name}][${env:SERVER_PORT}] 2023-06-11 18:34:19,292 WARN [main][SpringExtensionFactory.java:86] -  [DUBBO] No spring extension (bean) named:applicationContext, try to find an extension (bean) of type org.springframework.context.ConfigurableApplicationContext, dubbo version: 2.7.3, current host: 192.168.26.1
[${project.name}][${env:SERVER_PORT}] 2023-06-11 18:34:19,292 WARN [main][SpringExtensionFactory.java:104] -  [DUBBO] No spring extension (bean) named:applicationContext, type:org.springframework.context.ConfigurableApplicationContext found, stop get bean., dubbo version: 2.7.3, current host: 192.168.26.1
[${project.name}][${env:SERVER_PORT}] 2023-06-11 18:34:19,312 INFO [main][AbstractRegistry.java:280] -  [DUBBO] Register: consumer://192.168.26.1/org.apache.dubbo.rpc.service.GenericService?application=transaction-service&category=consumers&check=false&dubbo=2.0.2&generic=true&group=merchantService&interface=com.alibaba.cloud.dubbo.service.DubboMetadataService&lazy=false&pid=21608&qos.enable=false&qos.port=22250&release=2.7.3&retries=-1&side=consumer&sticky=false&timeout=3000&timestamp=1686479659269&version=1.0.0, dubbo version: 2.7.3, current host: 192.168.26.1
[${project.name}][${env:SERVER_PORT}] 2023-06-11 18:34:19,318 INFO [main][AbstractRegistry.java:305] -  [DUBBO] Subscribe: consumer://192.168.26.1/org.apache.dubbo.rpc.service.GenericService?application=transaction-service&category=providers,configurators,routers&check=false&dubbo=2.0.2&generic=true&group=merchantService&interface=com.alibaba.cloud.dubbo.service.DubboMetadataService&lazy=false&pid=21608&qos.enable=false&qos.port=22250&release=2.7.3&retries=-1&side=consumer&sticky=false&timeout=3000&timestamp=1686479659269&version=1.0.0, dubbo version: 2.7.3, current host: 192.168.26.1
[${project.name}][${env:SERVER_PORT}] 2023-06-11 18:34:20,263 INFO [main][AbstractClient.java:199] -  [DUBBO] Succeed connect to server /192.168.26.1:20890 from NettyClient 192.168.26.1 using dubbo version 2.7.3, channel is NettyChannel [channel=[id: 0x3ebdbf6a, L:/192.168.26.1:54963 - R:/192.168.26.1:20890]], dubbo version: 2.7.3, current host: 192.168.26.1
[${project.name}][${env:SERVER_PORT}] 2023-06-11 18:34:20,263 INFO [main][AbstractClient.java:71] -  [DUBBO] Start NettyClient MyBrian/192.168.26.1 connect to the server /192.168.26.1:20890, dubbo version: 2.7.3, current host: 192.168.26.1
[${project.name}][${env:SERVER_PORT}] 2023-06-11 18:34:20,319 INFO [main][AbstractRegistry.java:280] -  [DUBBO] Register: consumer://192.168.26.1/org.apache.dubbo.rpc.service.GenericService?application=transaction-service&category=consumers&check=false&dubbo=2.0.2&generic=true&group=merchantService&interface=com.alibaba.cloud.dubbo.service.DubboMetadataService&lazy=false&pid=21608&qos.enable=false&qos.port=22250&release=2.7.3&retries=-1&side=consumer&sticky=false&timeout=3000&timestamp=1686479659269&version=1.0.0, dubbo version: 2.7.3, current host: 192.168.26.1
[${project.name}][${env:SERVER_PORT}] 2023-06-11 18:34:20,329 INFO [main][AbstractRegistry.java:305] -  [DUBBO] Subscribe: consumer://192.168.26.1/org.apache.dubbo.rpc.service.GenericService?application=transaction-service&category=providers,configurators,routers&check=false&dubbo=2.0.2&generic=true&group=merchantService&interface=com.alibaba.cloud.dubbo.service.DubboMetadataService&lazy=false&pid=21608&qos.enable=false&qos.port=22250&release=2.7.3&retries=-1&side=consumer&sticky=false&timeout=3000&timestamp=1686479659269&version=1.0.0, dubbo version: 2.7.3, current host: 192.168.26.1
[${project.name}][${env:SERVER_PORT}] 2023-06-11 18:34:20,340 INFO [main][AbstractRegistry.java:399] -  [DUBBO] Notify urls for subscribe url consumer://192.168.26.1/org.apache.dubbo.rpc.service.GenericService?application=transaction-service&category=providers,configurators,routers&check=false&dubbo=2.0.2&generic=true&group=merchantService&interface=com.alibaba.cloud.dubbo.service.DubboMetadataService&lazy=false&pid=21608&qos.enable=false&qos.port=22250&release=2.7.3&retries=-1&side=consumer&sticky=false&timeout=3000&timestamp=1686479659269&version=1.0.0, urls: [dubbo://192.168.26.1:20890/com.alibaba.cloud.dubbo.service.DubboMetadataService?anyhost=true&application=merchantService&category=providers&deprecated=false&dubbo=2.0.2&dynamic=true&generic=false&group=merchantService&interface=com.alibaba.cloud.dubbo.service.DubboMetadataService&methods=getAllServiceKeys,getServiceRestMetadata,getExportedURLs,getAllExportedURLs&path=com.alibaba.cloud.dubbo.service.DubboMetadataService&pid=22672&protocol=dubbo&register=true&release=2.7.3&revision=2.1.0.RELEASE&side=provider&timestamp=1686477908906&version=1.0.0], dubbo version: 2.7.3, current host: 192.168.26.1
[${project.name}][${env:SERVER_PORT}] 2023-06-11 18:34:20,343 INFO [com.alibaba.nacos.naming.client.listener][AbstractRegistry.java:399] -  [DUBBO] Notify urls for subscribe url consumer://192.168.26.1/org.apache.dubbo.rpc.service.GenericService?application=transaction-service&category=providers,configurators,routers&check=false&dubbo=2.0.2&generic=true&group=merchantService&interface=com.alibaba.cloud.dubbo.service.DubboMetadataService&lazy=false&pid=21608&qos.enable=false&qos.port=22250&release=2.7.3&retries=-1&side=consumer&sticky=false&timeout=3000&timestamp=1686479659269&version=1.0.0, urls: [dubbo://192.168.26.1:20890/com.alibaba.cloud.dubbo.service.DubboMetadataService?anyhost=true&application=merchantService&category=providers&deprecated=false&dubbo=2.0.2&dynamic=true&generic=false&group=merchantService&interface=com.alibaba.cloud.dubbo.service.DubboMetadataService&methods=getAllServiceKeys,getServiceRestMetadata,getExportedURLs,getAllExportedURLs&path=com.alibaba.cloud.dubbo.service.DubboMetadataService&pid=22672&protocol=dubbo&register=true&release=2.7.3&revision=2.1.0.RELEASE&side=provider&timestamp=1686477908906&version=1.0.0], dubbo version: 2.7.3, current host: 192.168.26.1
[${project.name}][${env:SERVER_PORT}] 2023-06-11 18:34:20,346 INFO [main][ReferenceConfig.java:421] -  [DUBBO] Refer dubbo service org.apache.dubbo.rpc.service.GenericService from url registry://192.168.26.128:1111/org.apache.dubbo.registry.RegistryService?application=transaction-service&check=false&cluster=registryaware&dubbo=2.0.2&generic=true&group=merchantService&interface=com.alibaba.cloud.dubbo.service.DubboMetadataService&lazy=false&pid=21608&qos.enable=false&qos.port=22250&refer=application%3Dtransaction-service%26check%3Dfalse%26dubbo%3D2.0.2%26generic%3Dtrue%26group%3DmerchantService%26interface%3Dcom.alibaba.cloud.dubbo.service.DubboMetadataService%26lazy%3Dfalse%26pid%3D21608%26qos.enable%3Dfalse%26qos.port%3D22250%26register.ip%3D192.168.26.1%26release%3D2.7.3%26retries%3D-1%26side%3Dconsumer%26sticky%3Dfalse%26timeout%3D3000%26timestamp%3D1686479659269%26version%3D1.0.0&register.ip=192.168.26.1&registry=nacos&release=2.7.3&retries=-1&side=consumer&sticky=false&timeout=3000&timestamp=1686479659269&version=1.0.0, dubbo version: 2.7.3, current host: 192.168.26.1
[${project.name}][${env:SERVER_PORT}] 2023-06-11 18:34:20,435 WARN [main][DubboServiceMetadataRepository.java:484] - The Spring application[name : merchantService] does not expose The REST metadata in the Dubbo services.
[${project.name}][${env:SERVER_PORT}] 2023-06-11 18:34:20,435 INFO [main][DubboServiceMetadataRepository.java:280] - The metadata of Dubbo service[name : merchantApplication] is about to be initialized
[${project.name}][${env:SERVER_PORT}] 2023-06-11 18:34:20,447 WARN [main][AbstractInterfaceConfig.java:265] -  [DUBBO] There's no valid metadata config found, if you are using the simplified mode of registry url, please make sure you have a metadata address configured properly., dubbo version: 2.7.3, current host: 192.168.26.1
[${project.name}][${env:SERVER_PORT}] 2023-06-11 18:34:20,450 INFO [main][AbstractInterfaceConfig.java:237] -  [DUBBO] There's no valid monitor config found, if you want to open monitor statistics for Dubbo, please make sure your monitor is configured properly., dubbo version: 2.7.3, current host: 192.168.26.1
[${project.name}][${env:SERVER_PORT}] 2023-06-11 18:34:20,450 INFO [main][AbstractInterfaceConfig.java:237] -  [DUBBO] There's no valid monitor config found, if you want to open monitor statistics for Dubbo, please make sure your monitor is configured properly., dubbo version: 2.7.3, current host: 192.168.26.1
[${project.name}][${env:SERVER_PORT}] 2023-06-11 18:34:20,451 INFO [main][AbstractRegistry.java:280] -  [DUBBO] Register: consumer://192.168.26.1/org.apache.dubbo.rpc.service.GenericService?application=transaction-service&category=consumers&check=false&dubbo=2.0.2&generic=true&group=merchantApplication&interface=com.alibaba.cloud.dubbo.service.DubboMetadataService&lazy=false&pid=21608&qos.enable=false&qos.port=22250&release=2.7.3&retries=-1&side=consumer&sticky=false&timeout=3000&timestamp=1686479660447&version=1.0.0, dubbo version: 2.7.3, current host: 192.168.26.1
[${project.name}][${env:SERVER_PORT}] 2023-06-11 18:34:20,452 INFO [main][AbstractRegistry.java:305] -  [DUBBO] Subscribe: consumer://192.168.26.1/org.apache.dubbo.rpc.service.GenericService?application=transaction-service&category=providers,configurators,routers&check=false&dubbo=2.0.2&generic=true&group=merchantApplication&interface=com.alibaba.cloud.dubbo.service.DubboMetadataService&lazy=false&pid=21608&qos.enable=false&qos.port=22250&release=2.7.3&retries=-1&side=consumer&sticky=false&timeout=3000&timestamp=1686479660447&version=1.0.0, dubbo version: 2.7.3, current host: 192.168.26.1
[${project.name}][${env:SERVER_PORT}] 2023-06-11 18:34:20,454 INFO [main][AbstractClient.java:199] -  [DUBBO] Succeed connect to server /192.168.26.1:20891 from NettyClient 192.168.26.1 using dubbo version 2.7.3, channel is NettyChannel [channel=[id: 0x5a371fee, L:/192.168.26.1:54968 - R:/192.168.26.1:20891]], dubbo version: 2.7.3, current host: 192.168.26.1
[${project.name}][${env:SERVER_PORT}] 2023-06-11 18:34:20,455 INFO [main][AbstractClient.java:71] -  [DUBBO] Start NettyClient MyBrian/192.168.26.1 connect to the server /192.168.26.1:20891, dubbo version: 2.7.3, current host: 192.168.26.1
[${project.name}][${env:SERVER_PORT}] 2023-06-11 18:34:20,455 INFO [main][AbstractRegistry.java:280] -  [DUBBO] Register: consumer://192.168.26.1/org.apache.dubbo.rpc.service.GenericService?application=transaction-service&category=consumers&check=false&dubbo=2.0.2&generic=true&group=merchantApplication&interface=com.alibaba.cloud.dubbo.service.DubboMetadataService&lazy=false&pid=21608&qos.enable=false&qos.port=22250&release=2.7.3&retries=-1&side=consumer&sticky=false&timeout=3000&timestamp=1686479660447&version=1.0.0, dubbo version: 2.7.3, current host: 192.168.26.1
[${project.name}][${env:SERVER_PORT}] 2023-06-11 18:34:20,461 INFO [main][AbstractRegistry.java:305] -  [DUBBO] Subscribe: consumer://192.168.26.1/org.apache.dubbo.rpc.service.GenericService?application=transaction-service&category=providers,configurators,routers&check=false&dubbo=2.0.2&generic=true&group=merchantApplication&interface=com.alibaba.cloud.dubbo.service.DubboMetadataService&lazy=false&pid=21608&qos.enable=false&qos.port=22250&release=2.7.3&retries=-1&side=consumer&sticky=false&timeout=3000&timestamp=1686479660447&version=1.0.0, dubbo version: 2.7.3, current host: 192.168.26.1
[${project.name}][${env:SERVER_PORT}] 2023-06-11 18:34:20,468 INFO [main][AbstractRegistry.java:399] -  [DUBBO] Notify urls for subscribe url consumer://192.168.26.1/org.apache.dubbo.rpc.service.GenericService?application=transaction-service&category=providers,configurators,routers&check=false&dubbo=2.0.2&generic=true&group=merchantApplication&interface=com.alibaba.cloud.dubbo.service.DubboMetadataService&lazy=false&pid=21608&qos.enable=false&qos.port=22250&release=2.7.3&retries=-1&side=consumer&sticky=false&timeout=3000&timestamp=1686479660447&version=1.0.0, urls: [dubbo://192.168.26.1:20891/com.alibaba.cloud.dubbo.service.DubboMetadataService?anyhost=true&application=merchantApplication&category=providers&deprecated=false&dubbo=2.0.2&dynamic=true&generic=false&group=merchantApplication&interface=com.alibaba.cloud.dubbo.service.DubboMetadataService&methods=getAllServiceKeys,getServiceRestMetadata,getExportedURLs,getAllExportedURLs&path=com.alibaba.cloud.dubbo.service.DubboMetadataService&pid=16708&protocol=dubbo&register=true&release=2.7.3&revision=2.1.0.RELEASE&side=provider&timestamp=1686477900640&version=1.0.0], dubbo version: 2.7.3, current host: 192.168.26.1
[${project.name}][${env:SERVER_PORT}] 2023-06-11 18:34:20,470 INFO [com.alibaba.nacos.naming.client.listener][AbstractRegistry.java:399] -  [DUBBO] Notify urls for subscribe url consumer://192.168.26.1/org.apache.dubbo.rpc.service.GenericService?application=transaction-service&category=providers,configurators,routers&check=false&dubbo=2.0.2&generic=true&group=merchantApplication&interface=com.alibaba.cloud.dubbo.service.DubboMetadataService&lazy=false&pid=21608&qos.enable=false&qos.port=22250&release=2.7.3&retries=-1&side=consumer&sticky=false&timeout=3000&timestamp=1686479660447&version=1.0.0, urls: [dubbo://192.168.26.1:20891/com.alibaba.cloud.dubbo.service.DubboMetadataService?anyhost=true&application=merchantApplication&category=providers&deprecated=false&dubbo=2.0.2&dynamic=true&generic=false&group=merchantApplication&interface=com.alibaba.cloud.dubbo.service.DubboMetadataService&methods=getAllServiceKeys,getServiceRestMetadata,getExportedURLs,getAllExportedURLs&path=com.alibaba.cloud.dubbo.service.DubboMetadataService&pid=16708&protocol=dubbo&register=true&release=2.7.3&revision=2.1.0.RELEASE&side=provider&timestamp=1686477900640&version=1.0.0], dubbo version: 2.7.3, current host: 192.168.26.1
[${project.name}][${env:SERVER_PORT}] 2023-06-11 18:34:20,470 INFO [main][ReferenceConfig.java:421] -  [DUBBO] Refer dubbo service org.apache.dubbo.rpc.service.GenericService from url registry://192.168.26.128:1111/org.apache.dubbo.registry.RegistryService?application=transaction-service&check=false&cluster=registryaware&dubbo=2.0.2&generic=true&group=merchantApplication&interface=com.alibaba.cloud.dubbo.service.DubboMetadataService&lazy=false&pid=21608&qos.enable=false&qos.port=22250&refer=application%3Dtransaction-service%26check%3Dfalse%26dubbo%3D2.0.2%26generic%3Dtrue%26group%3DmerchantApplication%26interface%3Dcom.alibaba.cloud.dubbo.service.DubboMetadataService%26lazy%3Dfalse%26pid%3D21608%26qos.enable%3Dfalse%26qos.port%3D22250%26register.ip%3D192.168.26.1%26release%3D2.7.3%26retries%3D-1%26side%3Dconsumer%26sticky%3Dfalse%26timeout%3D3000%26timestamp%3D1686479660447%26version%3D1.0.0&register.ip=192.168.26.1&registry=nacos&release=2.7.3&retries=-1&side=consumer&sticky=false&timeout=3000&timestamp=1686479660447&version=1.0.0, dubbo version: 2.7.3, current host: 192.168.26.1
[${project.name}][${env:SERVER_PORT}] 2023-06-11 18:34:20,481 WARN [main][DubboServiceMetadataRepository.java:484] - The Spring application[name : merchantApplication] does not expose The REST metadata in the Dubbo services.
[${project.name}][${env:SERVER_PORT}] 2023-06-11 18:34:20,481 INFO [main][DubboServiceMetadataRepository.java:262] - The metadata of Dubbo services has been initialized
[${project.name}][${env:SERVER_PORT}] 2023-06-11 18:34:20,555 WARN [ThreadPoolTaskScheduler-1][DubboServiceMetadataRepository.java:216] - Current application will subscribe all services(size:2) in registry, a lot of memory and CPU cycles may be used, thus it's strongly recommend you using the externalized property 'dubbo.cloud.subscribed-services' to specify the services
[${project.name}][${env:SERVER_PORT}] 2023-06-11 18:34:20,558 INFO [com.alibaba.nacos.naming.client.listener][DubboServiceDiscoveryAutoConfiguration.java:157] - The event of the service instances[name : merchantService , size : 1] change is about to be dispatched
[${project.name}][${env:SERVER_PORT}] 2023-06-11 18:34:20,558 INFO [com.alibaba.nacos.naming.client.listener][DubboServiceDiscoveryAutoConfiguration.java:157] - The event of the service instances[name : merchantApplication , size : 1] change is about to be dispatched
[${project.name}][${env:SERVER_PORT}] 2023-06-11 18:34:20,563 INFO [main][DirectJDKLog.java:173] - Starting ProtocolHandler ["http-nio-56050"]
[${project.name}][${env:SERVER_PORT}] 2023-06-11 18:34:20,582 INFO [main][TomcatWebServer.java:204] - Tomcat started on port(s): 56050 (http) with context path ''
[${project.name}][${env:SERVER_PORT}] 2023-06-11 18:34:20,602 WARN [main][AbstractInterfaceConfig.java:265] -  [DUBBO] There's no valid metadata config found, if you are using the simplified mode of registry url, please make sure you have a metadata address configured properly., dubbo version: 2.7.3, current host: 192.168.26.1
[${project.name}][${env:SERVER_PORT}] 2023-06-11 18:34:20,632 INFO [main][ServiceConfig.java:643] -  [DUBBO] Export dubbo service com.alibaba.cloud.dubbo.service.DubboMetadataService to local registry url : injvm://127.0.0.1/com.alibaba.cloud.dubbo.service.DubboMetadataService?anyhost=true&application=transaction-service&bind.ip=192.168.26.1&bind.port=20893&deprecated=false&dubbo=2.0.2&dynamic=true&generic=false&group=transaction-service&interface=com.alibaba.cloud.dubbo.service.DubboMetadataService&methods=getAllServiceKeys,getServiceRestMetadata,getExportedURLs,getAllExportedURLs&pid=21608&qos.enable=false&qos.port=22250&register=true&release=2.7.3&revision=2.1.0.RELEASE&side=provider&timestamp=1686479660603&version=1.0.0, dubbo version: 2.7.3, current host: 192.168.26.1
[${project.name}][${env:SERVER_PORT}] 2023-06-11 18:34:20,633 INFO [main][ServiceConfig.java:581] -  [DUBBO] Export dubbo service com.alibaba.cloud.dubbo.service.DubboMetadataService to url dubbo://192.168.26.1:20893/com.alibaba.cloud.dubbo.service.DubboMetadataService?anyhost=true&application=transaction-service&bind.ip=192.168.26.1&bind.port=20893&deprecated=false&dubbo=2.0.2&dynamic=true&generic=false&group=transaction-service&interface=com.alibaba.cloud.dubbo.service.DubboMetadataService&methods=getAllServiceKeys,getServiceRestMetadata,getExportedURLs,getAllExportedURLs&pid=21608&qos.enable=false&qos.port=22250&register=true&release=2.7.3&revision=2.1.0.RELEASE&side=provider&timestamp=1686479660603&version=1.0.0, dubbo version: 2.7.3, current host: 192.168.26.1
[${project.name}][${env:SERVER_PORT}] 2023-06-11 18:34:20,633 INFO [main][AbstractInterfaceConfig.java:237] -  [DUBBO] There's no valid monitor config found, if you want to open monitor statistics for Dubbo, please make sure your monitor is configured properly., dubbo version: 2.7.3, current host: 192.168.26.1
[${project.name}][${env:SERVER_PORT}] 2023-06-11 18:34:20,633 INFO [main][ServiceConfig.java:595] -  [DUBBO] Register dubbo service com.alibaba.cloud.dubbo.service.DubboMetadataService url dubbo://192.168.26.1:20893/com.alibaba.cloud.dubbo.service.DubboMetadataService?anyhost=true&application=transaction-service&bind.ip=192.168.26.1&bind.port=20893&deprecated=false&dubbo=2.0.2&dynamic=true&generic=false&group=transaction-service&interface=com.alibaba.cloud.dubbo.service.DubboMetadataService&methods=getAllServiceKeys,getServiceRestMetadata,getExportedURLs,getAllExportedURLs&pid=21608&qos.enable=false&qos.port=22250&register=true&release=2.7.3&revision=2.1.0.RELEASE&side=provider&timestamp=1686479660603&version=1.0.0 to registry registry://192.168.26.128:1111/org.apache.dubbo.registry.RegistryService?application=transaction-service&dubbo=2.0.2&pid=21608&qos.enable=false&qos.port=22250&registry=nacos&release=2.7.3&timestamp=1686479660602, dubbo version: 2.7.3, current host: 192.168.26.1
[${project.name}][${env:SERVER_PORT}] 2023-06-11 18:34:20,662 INFO [main][AbstractServer.java:73] -  [DUBBO] Start NettyServer bind /0.0.0.0:20893, export /192.168.26.1:20893, dubbo version: 2.7.3, current host: 192.168.26.1
[${project.name}][${env:SERVER_PORT}] 2023-06-11 18:34:20,664 INFO [main][AbstractRegistry.java:280] -  [DUBBO] Register: dubbo://192.168.26.1:20893/com.alibaba.cloud.dubbo.service.DubboMetadataService?anyhost=true&application=transaction-service&deprecated=false&dubbo=2.0.2&dynamic=true&generic=false&group=transaction-service&interface=com.alibaba.cloud.dubbo.service.DubboMetadataService&methods=getAllServiceKeys,getServiceRestMetadata,getExportedURLs,getAllExportedURLs&pid=21608&register=true&release=2.7.3&revision=2.1.0.RELEASE&side=provider&timestamp=1686479660603&version=1.0.0, dubbo version: 2.7.3, current host: 192.168.26.1
[${project.name}][${env:SERVER_PORT}] 2023-06-11 18:34:20,672 INFO [main][AbstractRegistry.java:305] -  [DUBBO] Subscribe: provider://192.168.26.1:20893/com.alibaba.cloud.dubbo.service.DubboMetadataService?anyhost=true&application=transaction-service&bind.ip=192.168.26.1&bind.port=20893&category=configurators&check=false&deprecated=false&dubbo=2.0.2&dynamic=true&generic=false&group=transaction-service&interface=com.alibaba.cloud.dubbo.service.DubboMetadataService&methods=getAllServiceKeys,getServiceRestMetadata,getExportedURLs,getAllExportedURLs&pid=21608&qos.enable=false&qos.port=22250&register=true&release=2.7.3&revision=2.1.0.RELEASE&side=provider&timestamp=1686479660603&version=1.0.0, dubbo version: 2.7.3, current host: 192.168.26.1
[${project.name}][${env:SERVER_PORT}] 2023-06-11 18:34:20,680 WARN [main][AbstractRegistry.java:395] -  [DUBBO] Ignore empty notify urls for subscribe url provider://192.168.26.1:20893/com.alibaba.cloud.dubbo.service.DubboMetadataService?anyhost=true&application=transaction-service&bind.ip=192.168.26.1&bind.port=20893&category=configurators&check=false&deprecated=false&dubbo=2.0.2&dynamic=true&generic=false&group=transaction-service&interface=com.alibaba.cloud.dubbo.service.DubboMetadataService&methods=getAllServiceKeys,getServiceRestMetadata,getExportedURLs,getAllExportedURLs&pid=21608&qos.enable=false&qos.port=22250&register=true&release=2.7.3&revision=2.1.0.RELEASE&side=provider&timestamp=1686479660603&version=1.0.0, dubbo version: 2.7.3, current host: 192.168.26.1
[${project.name}][${env:SERVER_PORT}] 2023-06-11 18:34:20,681 WARN [com.alibaba.nacos.naming.client.listener][AbstractRegistry.java:395] -  [DUBBO] Ignore empty notify urls for subscribe url provider://192.168.26.1:20893/com.alibaba.cloud.dubbo.service.DubboMetadataService?anyhost=true&application=transaction-service&bind.ip=192.168.26.1&bind.port=20893&category=configurators&check=false&deprecated=false&dubbo=2.0.2&dynamic=true&generic=false&group=transaction-service&interface=com.alibaba.cloud.dubbo.service.DubboMetadataService&methods=getAllServiceKeys,getServiceRestMetadata,getExportedURLs,getAllExportedURLs&pid=21608&qos.enable=false&qos.port=22250&register=true&release=2.7.3&revision=2.1.0.RELEASE&side=provider&timestamp=1686479660603&version=1.0.0, dubbo version: 2.7.3, current host: 192.168.26.1
[${project.name}][${env:SERVER_PORT}] 2023-06-11 18:34:20,683 INFO [main][DubboMetadataServiceExporter.java:86] - The Dubbo service[<dubbo:service exported="true" path="com.alibaba.cloud.dubbo.service.DubboMetadataService" ref="com.alibaba.cloud.dubbo.service.IntrospectiveDubboMetadataService@4a10e65b" prefix="dubbo.service.com.alibaba.cloud.dubbo.service.DubboMetadataService" generic="false" unexported="false" interface="com.alibaba.cloud.dubbo.service.DubboMetadataService" version="1.0.0" dynamic="true" group="transaction-service" register="true" deprecated="false" id="com.alibaba.cloud.dubbo.service.DubboMetadataService" valid="true" />] has been exported.
[${project.name}][${env:SERVER_PORT}] 2023-06-11 18:34:20,703 INFO [main][NacosServiceRegistry.java:62] - nacos registry, transaction-service 192.168.106.226:56050 register finished
[${project.name}][${env:SERVER_PORT}] 2023-06-11 18:34:20,710 INFO [main][StartupInfoLogger.java:59] - Started TransactionBootstrap in 10.386 seconds (JVM running for 12.136)
[${project.name}][${env:SERVER_PORT}] 2023-06-11 18:34:21,841 INFO [RMI TCP Connection(2)-192.168.26.1][DirectJDKLog.java:173] - Initializing Spring DispatcherServlet 'dispatcherServlet'
[${project.name}][${env:SERVER_PORT}] 2023-06-11 18:34:21,842 INFO [RMI TCP Connection(2)-192.168.26.1][FrameworkServlet.java:524] - Initializing Servlet 'dispatcherServlet'
[${project.name}][${env:SERVER_PORT}] 2023-06-11 18:34:21,867 INFO [RMI TCP Connection(2)-192.168.26.1][FrameworkServlet.java:546] - Completed initialization in 25 ms
[${project.name}][${env:SERVER_PORT}] 2023-06-11 18:34:22,145 INFO [RMI TCP Connection(3)-192.168.26.1][EpollProvider.java:68] - Starting without optional epoll library
[${project.name}][${env:SERVER_PORT}] 2023-06-11 18:34:22,150 INFO [RMI TCP Connection(3)-192.168.26.1][KqueueProvider.java:70] - Starting without optional kqueue library
[${project.name}][${env:SERVER_PORT}] 2023-06-11 18:34:50,569 WARN [ThreadPoolTaskScheduler-1][DubboServiceMetadataRepository.java:216] - Current application will subscribe all services(size:3) in registry, a lot of memory and CPU cycles may be used, thus it's strongly recommend you using the externalized property 'dubbo.cloud.subscribed-services' to specify the services
[${project.name}][${env:SERVER_PORT}] 2023-06-11 18:35:20,581 WARN [ThreadPoolTaskScheduler-1][DubboServiceMetadataRepository.java:216] - Current application will subscribe all services(size:3) in registry, a lot of memory and CPU cycles may be used, thus it's strongly recommend you using the externalized property 'dubbo.cloud.subscribed-services' to specify the services
[${project.name}][${env:SERVER_PORT}] 2023-06-11 18:35:50,591 WARN [ThreadPoolTaskScheduler-1][DubboServiceMetadataRepository.java:216] - Current application will subscribe all services(size:3) in registry, a lot of memory and CPU cycles may be used, thus it's strongly recommend you using the externalized property 'dubbo.cloud.subscribed-services' to specify the services
[${project.name}][${env:SERVER_PORT}] 2023-06-11 18:36:20,603 WARN [ThreadPoolTaskScheduler-1][DubboServiceMetadataRepository.java:216] - Current application will subscribe all services(size:3) in registry, a lot of memory and CPU cycles may be used, thus it's strongly recommend you using the externalized property 'dubbo.cloud.subscribed-services' to specify the services
[${project.name}][${env:SERVER_PORT}] 2023-06-11 18:36:50,620 WARN [ThreadPoolTaskScheduler-1][DubboServiceMetadataRepository.java:216] - Current application will subscribe all services(size:3) in registry, a lot of memory and CPU cycles may be used, thus it's strongly recommend you using the externalized property 'dubbo.cloud.subscribed-services' to specify the services
[${project.name}][${env:SERVER_PORT}] 2023-06-11 18:37:20,632 WARN [ThreadPoolTaskScheduler-1][DubboServiceMetadataRepository.java:216] - Current application will subscribe all services(size:3) in registry, a lot of memory and CPU cycles may be used, thus it's strongly recommend you using the externalized property 'dubbo.cloud.subscribed-services' to specify the services
[${project.name}][${env:SERVER_PORT}] 2023-06-11 18:37:50,644 WARN [ThreadPoolTaskScheduler-1][DubboServiceMetadataRepository.java:216] - Current application will subscribe all services(size:3) in registry, a lot of memory and CPU cycles may be used, thus it's strongly recommend you using the externalized property 'dubbo.cloud.subscribed-services' to specify the services
[${project.name}][${env:SERVER_PORT}] 2023-06-11 18:38:20,657 WARN [ThreadPoolTaskScheduler-1][DubboServiceMetadataRepository.java:216] - Current application will subscribe all services(size:3) in registry, a lot of memory and CPU cycles may be used, thus it's strongly recommend you using the externalized property 'dubbo.cloud.subscribed-services' to specify the services
[${project.name}][${env:SERVER_PORT}] 2023-06-11 18:38:50,666 WARN [ThreadPoolTaskScheduler-1][DubboServiceMetadataRepository.java:216] - Current application will subscribe all services(size:3) in registry, a lot of memory and CPU cycles may be used, thus it's strongly recommend you using the externalized property 'dubbo.cloud.subscribed-services' to specify the services
[${project.name}][${env:SERVER_PORT}] 2023-06-11 18:39:20,671 WARN [ThreadPoolTaskScheduler-1][DubboServiceMetadataRepository.java:216] - Current application will subscribe all services(size:3) in registry, a lot of memory and CPU cycles may be used, thus it's strongly recommend you using the externalized property 'dubbo.cloud.subscribed-services' to specify the services
[${project.name}][${env:SERVER_PORT}] 2023-06-11 18:39:50,686 WARN [ThreadPoolTaskScheduler-1][DubboServiceMetadataRepository.java:216] - Current application will subscribe all services(size:3) in registry, a lot of memory and CPU cycles may be used, thus it's strongly recommend you using the externalized property 'dubbo.cloud.subscribed-services' to specify the services
[${project.name}][${env:SERVER_PORT}] 2023-06-11 18:40:20,693 WARN [ThreadPoolTaskScheduler-1][DubboServiceMetadataRepository.java:216] - Current application will subscribe all services(size:3) in registry, a lot of memory and CPU cycles may be used, thus it's strongly recommend you using the externalized property 'dubbo.cloud.subscribed-services' to specify the services
[${project.name}][${env:SERVER_PORT}] 2023-06-11 18:40:50,705 WARN [ThreadPoolTaskScheduler-1][DubboServiceMetadataRepository.java:216] - Current application will subscribe all services(size:3) in registry, a lot of memory and CPU cycles may be used, thus it's strongly recommend you using the externalized property 'dubbo.cloud.subscribed-services' to specify the services
[${project.name}][${env:SERVER_PORT}] 2023-06-11 18:41:20,715 WARN [ThreadPoolTaskScheduler-1][DubboServiceMetadataRepository.java:216] - Current application will subscribe all services(size:3) in registry, a lot of memory and CPU cycles may be used, thus it's strongly recommend you using the externalized property 'dubbo.cloud.subscribed-services' to specify the services
[${project.name}][${env:SERVER_PORT}] 2023-06-11 18:41:50,732 WARN [ThreadPoolTaskScheduler-1][DubboServiceMetadataRepository.java:216] - Current application will subscribe all services(size:3) in registry, a lot of memory and CPU cycles may be used, thus it's strongly recommend you using the externalized property 'dubbo.cloud.subscribed-services' to specify the services
[${project.name}][${env:SERVER_PORT}] 2023-06-11 18:41:54,818 INFO [DubboShutdownHook][DubboShutdownHook.java:58] -  [DUBBO] Run shutdown hook now., dubbo version: 2.7.3, current host: 192.168.26.1
[${project.name}][${env:SERVER_PORT}] 2023-06-11 18:41:54,818 INFO [DubboShutdownHook][AbstractRegistryFactory.java:68] -  [DUBBO] Close all registries [nacos://192.168.26.128:1111/org.apache.dubbo.registry.RegistryService?application=transaction-service&dubbo=2.0.2&interface=org.apache.dubbo.registry.RegistryService&pid=21608&qos.enable=false&qos.port=22250&release=2.7.3&timestamp=1686479659274], dubbo version: 2.7.3, current host: 192.168.26.1
[${project.name}][${env:SERVER_PORT}] 2023-06-11 18:41:54,819 INFO [DubboShutdownHook][AbstractRegistry.java:458] -  [DUBBO] Destroy registry:nacos://192.168.26.128:1111/org.apache.dubbo.registry.RegistryService?application=transaction-service&dubbo=2.0.2&interface=org.apache.dubbo.registry.RegistryService&pid=21608&qos.enable=false&qos.port=22250&release=2.7.3&timestamp=1686479659274, dubbo version: 2.7.3, current host: 192.168.26.1
[${project.name}][${env:SERVER_PORT}] 2023-06-11 18:41:54,819 INFO [DubboShutdownHook][AbstractRegistry.java:291] -  [DUBBO] Unregister: dubbo://192.168.26.1:20893/com.alibaba.cloud.dubbo.service.DubboMetadataService?anyhost=true&application=transaction-service&deprecated=false&dubbo=2.0.2&dynamic=true&generic=false&group=transaction-service&interface=com.alibaba.cloud.dubbo.service.DubboMetadataService&methods=getAllServiceKeys,getServiceRestMetadata,getExportedURLs,getAllExportedURLs&pid=21608&register=true&release=2.7.3&revision=2.1.0.RELEASE&side=provider&timestamp=1686479660603&version=1.0.0, dubbo version: 2.7.3, current host: 192.168.26.1
[${project.name}][${env:SERVER_PORT}] 2023-06-11 18:41:54,824 INFO [DubboShutdownHook][AbstractRegistry.java:467] -  [DUBBO] Destroy unregister url dubbo://192.168.26.1:20893/com.alibaba.cloud.dubbo.service.DubboMetadataService?anyhost=true&application=transaction-service&deprecated=false&dubbo=2.0.2&dynamic=true&generic=false&group=transaction-service&interface=com.alibaba.cloud.dubbo.service.DubboMetadataService&methods=getAllServiceKeys,getServiceRestMetadata,getExportedURLs,getAllExportedURLs&pid=21608&register=true&release=2.7.3&revision=2.1.0.RELEASE&side=provider&timestamp=1686479660603&version=1.0.0, dubbo version: 2.7.3, current host: 192.168.26.1
[${project.name}][${env:SERVER_PORT}] 2023-06-11 18:41:54,824 INFO [DubboShutdownHook][AbstractRegistry.java:291] -  [DUBBO] Unregister: consumer://192.168.26.1/org.apache.dubbo.rpc.service.GenericService?application=transaction-service&category=consumers&check=false&dubbo=2.0.2&generic=true&group=merchantApplication&interface=com.alibaba.cloud.dubbo.service.DubboMetadataService&lazy=false&pid=21608&qos.enable=false&qos.port=22250&release=2.7.3&retries=-1&side=consumer&sticky=false&timeout=3000&timestamp=1686479660447&version=1.0.0, dubbo version: 2.7.3, current host: 192.168.26.1
[${project.name}][${env:SERVER_PORT}] 2023-06-11 18:41:54,828 INFO [DubboShutdownHook][AbstractRegistry.java:467] -  [DUBBO] Destroy unregister url consumer://192.168.26.1/org.apache.dubbo.rpc.service.GenericService?application=transaction-service&category=consumers&check=false&dubbo=2.0.2&generic=true&group=merchantApplication&interface=com.alibaba.cloud.dubbo.service.DubboMetadataService&lazy=false&pid=21608&qos.enable=false&qos.port=22250&release=2.7.3&retries=-1&side=consumer&sticky=false&timeout=3000&timestamp=1686479660447&version=1.0.0, dubbo version: 2.7.3, current host: 192.168.26.1
[${project.name}][${env:SERVER_PORT}] 2023-06-11 18:41:54,829 INFO [DubboShutdownHook][AbstractRegistry.java:291] -  [DUBBO] Unregister: consumer://192.168.26.1/org.apache.dubbo.rpc.service.GenericService?application=transaction-service&category=consumers&check=false&dubbo=2.0.2&generic=true&group=merchantService&interface=com.alibaba.cloud.dubbo.service.DubboMetadataService&lazy=false&pid=21608&qos.enable=false&qos.port=22250&release=2.7.3&retries=-1&side=consumer&sticky=false&timeout=3000&timestamp=1686479659269&version=1.0.0, dubbo version: 2.7.3, current host: 192.168.26.1
[${project.name}][${env:SERVER_PORT}] 2023-06-11 18:41:54,834 INFO [DubboShutdownHook][AbstractRegistry.java:467] -  [DUBBO] Destroy unregister url consumer://192.168.26.1/org.apache.dubbo.rpc.service.GenericService?application=transaction-service&category=consumers&check=false&dubbo=2.0.2&generic=true&group=merchantService&interface=com.alibaba.cloud.dubbo.service.DubboMetadataService&lazy=false&pid=21608&qos.enable=false&qos.port=22250&release=2.7.3&retries=-1&side=consumer&sticky=false&timeout=3000&timestamp=1686479659269&version=1.0.0, dubbo version: 2.7.3, current host: 192.168.26.1
[${project.name}][${env:SERVER_PORT}] 2023-06-11 18:41:54,834 INFO [DubboShutdownHook][AbstractRegistry.java:320] -  [DUBBO] Unsubscribe: consumer://192.168.26.1/org.apache.dubbo.rpc.service.GenericService?application=transaction-service&category=providers,configurators,routers&check=false&dubbo=2.0.2&generic=true&group=merchantApplication&interface=com.alibaba.cloud.dubbo.service.DubboMetadataService&lazy=false&pid=21608&qos.enable=false&qos.port=22250&release=2.7.3&retries=-1&side=consumer&sticky=false&timeout=3000&timestamp=1686479660447&version=1.0.0, dubbo version: 2.7.3, current host: 192.168.26.1
[${project.name}][${env:SERVER_PORT}] 2023-06-11 18:41:54,834 INFO [DubboShutdownHook][AbstractRegistry.java:483] -  [DUBBO] Destroy unsubscribe url consumer://192.168.26.1/org.apache.dubbo.rpc.service.GenericService?application=transaction-service&category=providers,configurators,routers&check=false&dubbo=2.0.2&generic=true&group=merchantApplication&interface=com.alibaba.cloud.dubbo.service.DubboMetadataService&lazy=false&pid=21608&qos.enable=false&qos.port=22250&release=2.7.3&retries=-1&side=consumer&sticky=false&timeout=3000&timestamp=1686479660447&version=1.0.0, dubbo version: 2.7.3, current host: 192.168.26.1
[${project.name}][${env:SERVER_PORT}] 2023-06-11 18:41:54,834 INFO [DubboShutdownHook][AbstractRegistry.java:320] -  [DUBBO] Unsubscribe: consumer://192.168.26.1/org.apache.dubbo.rpc.service.GenericService?application=transaction-service&category=providers,configurators,routers&check=false&dubbo=2.0.2&generic=true&group=merchantService&interface=com.alibaba.cloud.dubbo.service.DubboMetadataService&lazy=false&pid=21608&qos.enable=false&qos.port=22250&release=2.7.3&retries=-1&side=consumer&sticky=false&timeout=3000&timestamp=1686479659269&version=1.0.0, dubbo version: 2.7.3, current host: 192.168.26.1
[${project.name}][${env:SERVER_PORT}] 2023-06-11 18:41:54,834 INFO [DubboShutdownHook][AbstractRegistry.java:483] -  [DUBBO] Destroy unsubscribe url consumer://192.168.26.1/org.apache.dubbo.rpc.service.GenericService?application=transaction-service&category=providers,configurators,routers&check=false&dubbo=2.0.2&generic=true&group=merchantService&interface=com.alibaba.cloud.dubbo.service.DubboMetadataService&lazy=false&pid=21608&qos.enable=false&qos.port=22250&release=2.7.3&retries=-1&side=consumer&sticky=false&timeout=3000&timestamp=1686479659269&version=1.0.0, dubbo version: 2.7.3, current host: 192.168.26.1
[${project.name}][${env:SERVER_PORT}] 2023-06-11 18:41:54,835 INFO [DubboShutdownHook][AbstractRegistry.java:320] -  [DUBBO] Unsubscribe: provider://192.168.26.1:20893/com.alibaba.cloud.dubbo.service.DubboMetadataService?anyhost=true&application=transaction-service&bind.ip=192.168.26.1&bind.port=20893&category=configurators&check=false&deprecated=false&dubbo=2.0.2&dynamic=true&generic=false&group=transaction-service&interface=com.alibaba.cloud.dubbo.service.DubboMetadataService&methods=getAllServiceKeys,getServiceRestMetadata,getExportedURLs,getAllExportedURLs&pid=21608&qos.enable=false&qos.port=22250&register=true&release=2.7.3&revision=2.1.0.RELEASE&side=provider&timestamp=1686479660603&version=1.0.0, dubbo version: 2.7.3, current host: 192.168.26.1
[${project.name}][${env:SERVER_PORT}] 2023-06-11 18:41:54,835 INFO [DubboShutdownHook][AbstractRegistry.java:483] -  [DUBBO] Destroy unsubscribe url provider://192.168.26.1:20893/com.alibaba.cloud.dubbo.service.DubboMetadataService?anyhost=true&application=transaction-service&bind.ip=192.168.26.1&bind.port=20893&category=configurators&check=false&deprecated=false&dubbo=2.0.2&dynamic=true&generic=false&group=transaction-service&interface=com.alibaba.cloud.dubbo.service.DubboMetadataService&methods=getAllServiceKeys,getServiceRestMetadata,getExportedURLs,getAllExportedURLs&pid=21608&qos.enable=false&qos.port=22250&register=true&release=2.7.3&revision=2.1.0.RELEASE&side=provider&timestamp=1686479660603&version=1.0.0, dubbo version: 2.7.3, current host: 192.168.26.1
[${project.name}][${env:SERVER_PORT}] 2023-06-11 18:41:54,835 INFO [DubboShutdownHook][DubboProtocol.java:616] -  [DUBBO] Close dubbo server: /192.168.26.1:20893, dubbo version: 2.7.3, current host: 192.168.26.1
[${project.name}][${env:SERVER_PORT}] 2023-06-11 18:41:54,837 INFO [Thread-27][AbstractRegistry.java:212] -  [DUBBO] Load registry cache file C:\Users\15754\.dubbo\dubbo-registry-transaction-service-192.168.26.128:1111.cache, data: {merchantService/com.alibaba.cloud.dubbo.service.DubboMetadataService:1.0.0=dubbo://192.168.26.1:20890/com.alibaba.cloud.dubbo.service.DubboMetadataService?anyhost=true&application=merchantService&category=providers&deprecated=false&dubbo=2.0.2&dynamic=true&generic=false&group=merchantService&interface=com.alibaba.cloud.dubbo.service.DubboMetadataService&methods=getAllServiceKeys,getServiceRestMetadata,getExportedURLs,getAllExportedURLs&path=com.alibaba.cloud.dubbo.service.DubboMetadataService&pid=22672&protocol=dubbo&register=true&release=2.7.3&revision=2.1.0.RELEASE&side=provider&timestamp=1686477908906&version=1.0.0, merchantApplication/com.alibaba.cloud.dubbo.service.DubboMetadataService:1.0.0=dubbo://192.168.26.1:20891/com.alibaba.cloud.dubbo.service.DubboMetadataService?anyhost=true&application=merchantApplication&category=providers&deprecated=false&dubbo=2.0.2&dynamic=true&generic=false&group=merchantApplication&interface=com.alibaba.cloud.dubbo.service.DubboMetadataService&methods=getAllServiceKeys,getServiceRestMetadata,getExportedURLs,getAllExportedURLs&path=com.alibaba.cloud.dubbo.service.DubboMetadataService&pid=16708&protocol=dubbo&register=true&release=2.7.3&revision=2.1.0.RELEASE&side=provider&timestamp=1686477900640&version=1.0.0}, dubbo version: 2.7.3, current host: 192.168.26.1
[${project.name}][${env:SERVER_PORT}] 2023-06-11 18:41:54,838 INFO [Thread-27][AbstractRegistry.java:291] -  [DUBBO] Unregister: dubbo://192.168.26.1:20893/com.alibaba.cloud.dubbo.service.DubboMetadataService?anyhost=true&application=transaction-service&deprecated=false&dubbo=2.0.2&dynamic=true&generic=false&group=transaction-service&interface=com.alibaba.cloud.dubbo.service.DubboMetadataService&methods=getAllServiceKeys,getServiceRestMetadata,getExportedURLs,getAllExportedURLs&pid=21608&register=true&release=2.7.3&revision=2.1.0.RELEASE&side=provider&timestamp=1686479660603&version=1.0.0, dubbo version: 2.7.3, current host: 192.168.26.1
[${project.name}][${env:SERVER_PORT}] 2023-06-11 18:41:54,842 INFO [Thread-27][AbstractRegistry.java:320] -  [DUBBO] Unsubscribe: provider://192.168.26.1:20893/com.alibaba.cloud.dubbo.service.DubboMetadataService?anyhost=true&application=transaction-service&bind.ip=192.168.26.1&bind.port=20893&category=configurators&check=false&deprecated=false&dubbo=2.0.2&dynamic=true&generic=false&group=transaction-service&interface=com.alibaba.cloud.dubbo.service.DubboMetadataService&methods=getAllServiceKeys,getServiceRestMetadata,getExportedURLs,getAllExportedURLs&pid=21608&qos.enable=false&qos.port=22250&register=true&release=2.7.3&revision=2.1.0.RELEASE&side=provider&timestamp=1686479660603&version=1.0.0, dubbo version: 2.7.3, current host: 192.168.26.1
[${project.name}][${env:SERVER_PORT}] 2023-06-11 18:41:54,844 INFO [Exporter-Unexport-thread-1][RegistryProtocol.java:689] -  [DUBBO] Waiting 10000ms for registry to notify all consumers before unexport. Usually, this is called when you use dubbo API, dubbo version: 2.7.3, current host: 192.168.26.1
[${project.name}][${env:SERVER_PORT}] 2023-06-11 18:41:54,844 INFO [Thread-27][DubboMetadataServiceExporter.java:107] - The Dubbo service[<dubbo:service exported="true" path="com.alibaba.cloud.dubbo.service.DubboMetadataService" ref="com.alibaba.cloud.dubbo.service.IntrospectiveDubboMetadataService@4a10e65b" prefix="dubbo.service.com.alibaba.cloud.dubbo.service.DubboMetadataService" generic="false" unexported="true" interface="com.alibaba.cloud.dubbo.service.DubboMetadataService" version="1.0.0" dynamic="true" group="transaction-service" register="true" deprecated="false" id="com.alibaba.cloud.dubbo.service.DubboMetadataService" valid="true" />] has been unexported.
[${project.name}][${env:SERVER_PORT}] 2023-06-11 18:41:54,844 INFO [Thread-27][AwaitingNonWebApplicationListener.java:155] -  [Dubbo] Current Spring Boot Application is about to shutdown...
[${project.name}][${env:SERVER_PORT}] 2023-06-11 18:41:54,847 INFO [Thread-27][NacosServiceRegistry.java:74] - De-registering from Nacos Server now...
[${project.name}][${env:SERVER_PORT}] 2023-06-11 18:41:54,851 INFO [Thread-27][NacosServiceRegistry.java:93] - De-registration finished.
[${project.name}][${env:SERVER_PORT}] 2023-06-11 18:41:54,854 INFO [Thread-27][ExecutorConfigurationSupport.java:208] - Shutting down ExecutorService 'applicationTaskExecutor'
[${project.name}][${env:SERVER_PORT}] 2023-06-11 18:41:55,826 WARN [com.alibaba.nacos.naming.client.listener][AbstractRegistry.java:395] -  [DUBBO] Ignore empty notify urls for subscribe url provider://192.168.26.1:20893/com.alibaba.cloud.dubbo.service.DubboMetadataService?anyhost=true&application=transaction-service&bind.ip=192.168.26.1&bind.port=20893&category=configurators&check=false&deprecated=false&dubbo=2.0.2&dynamic=true&generic=false&group=transaction-service&interface=com.alibaba.cloud.dubbo.service.DubboMetadataService&methods=getAllServiceKeys,getServiceRestMetadata,getExportedURLs,getAllExportedURLs&pid=21608&qos.enable=false&qos.port=22250&register=true&release=2.7.3&revision=2.1.0.RELEASE&side=provider&timestamp=1686479660603&version=1.0.0, dubbo version: 2.7.3, current host: 192.168.26.1
[${project.name}][${env:SERVER_PORT}] 2023-06-11 18:41:55,869 WARN [com.alibaba.nacos.naming.client.listener][AbstractRegistry.java:395] -  [DUBBO] Ignore empty notify urls for subscribe url consumer://192.168.26.1/org.apache.dubbo.rpc.service.GenericService?application=transaction-service&category=providers,configurators,routers&check=false&dubbo=2.0.2&generic=true&group=merchantService&interface=com.alibaba.cloud.dubbo.service.DubboMetadataService&lazy=false&pid=21608&qos.enable=false&qos.port=22250&release=2.7.3&retries=-1&side=consumer&sticky=false&timeout=3000&timestamp=1686479659269&version=1.0.0, dubbo version: 2.7.3, current host: 192.168.26.1
[${project.name}][${env:SERVER_PORT}] 2023-06-11 18:41:55,909 WARN [com.alibaba.nacos.naming.client.listener][AbstractRegistry.java:395] -  [DUBBO] Ignore empty notify urls for subscribe url consumer://192.168.26.1/org.apache.dubbo.rpc.service.GenericService?application=transaction-service&category=providers,configurators,routers&check=false&dubbo=2.0.2&generic=true&group=merchantApplication&interface=com.alibaba.cloud.dubbo.service.DubboMetadataService&lazy=false&pid=21608&qos.enable=false&qos.port=22250&release=2.7.3&retries=-1&side=consumer&sticky=false&timeout=3000&timestamp=1686479660447&version=1.0.0, dubbo version: 2.7.3, current host: 192.168.26.1
[${project.name}][${env:SERVER_PORT}] 2023-06-11 18:41:55,999 INFO [Thread-27][DruidDataSource.java:1885] - {dataSource-1} closing ...
[${project.name}][${env:SERVER_PORT}] 2023-06-11 18:41:56,004 INFO [Thread-27][DruidDataSource.java:1955] - {dataSource-1} closed
[${project.name}][${env:SERVER_PORT}] 2023-06-11 18:41:56,009 INFO [Thread-27][DubboGenericServiceFactory.java:159] - The Dubbo GenericService ReferenceBeans are destroying...
[${project.name}][${env:SERVER_PORT}] 2023-06-11 18:41:56,009 INFO [Thread-27][DubboGenericServiceFactory.java:164] - Destroyed the ReferenceBean  : <dubbo:reference singleton="true" prefix="dubbo.reference.com.alibaba.cloud.dubbo.service.DubboMetadataService" interface="com.alibaba.cloud.dubbo.service.DubboMetadataService" generic="true" version="1.0.0" generic="true" group="merchantApplication" lazy="false" sticky="false" id="com.alibaba.cloud.dubbo.service.DubboMetadataService" valid="true" /> 
[${project.name}][${env:SERVER_PORT}] 2023-06-11 18:41:56,010 INFO [Thread-27][DubboGenericServiceFactory.java:164] - Destroyed the ReferenceBean  : <dubbo:reference singleton="true" prefix="dubbo.reference.com.alibaba.cloud.dubbo.service.DubboMetadataService" interface="com.alibaba.cloud.dubbo.service.DubboMetadataService" generic="true" version="1.0.0" generic="true" group="merchantService" lazy="false" sticky="false" id="com.alibaba.cloud.dubbo.service.DubboMetadataService" valid="true" /> 
[${project.name}][${env:SERVER_PORT}] 2023-06-11 18:41:56,010 INFO [Thread-27][AnnotationInjectedBeanPostProcessor.java:305] - class org.apache.dubbo.config.spring.beans.factory.annotation.ReferenceAnnotationBeanPostProcessor was destroying!
[${project.name}][${env:SERVER_PORT}] 2023-06-11 18:42:04,838 INFO [DubboShutdownHook][AbstractServer.java:153] -  [DUBBO] Close NettyServer bind /0.0.0.0:20893, export /192.168.26.1:20893, dubbo version: 2.7.3, current host: 192.168.26.1
[${project.name}][${env:SERVER_PORT}] 2023-06-11 18:42:04,839 INFO [DubboShutdownHook][NettyChannel.java:172] -  [DUBBO] Close netty channel [id: 0x63d0fd0e, L:/192.168.26.1:20893 - R:/192.168.26.1:55173], dubbo version: 2.7.3, current host: 192.168.26.1
[${project.name}][${env:SERVER_PORT}] 2023-06-11 18:42:04,839 INFO [DubboShutdownHook][NettyChannel.java:172] -  [DUBBO] Close netty channel [id: 0xe21ac1e4, L:/192.168.26.1:20893 - R:/192.168.26.1:55077], dubbo version: 2.7.3, current host: 192.168.26.1
[${project.name}][${env:SERVER_PORT}] 2023-06-11 18:42:04,841 INFO [DubboShutdownHook][DubboProtocol.java:654] -  [DUBBO] Close dubbo connect: /192.168.26.1:54968-->/192.168.26.1:20891, dubbo version: 2.7.3, current host: 192.168.26.1
[${project.name}][${env:SERVER_PORT}] 2023-06-11 18:42:04,841 INFO [DubboShutdownHook][DubboProtocol.java:654] -  [DUBBO] Close dubbo connect: /192.168.26.1:54963-->/192.168.26.1:20890, dubbo version: 2.7.3, current host: 192.168.26.1
[${project.name}][${env:SERVER_PORT}] 2023-06-11 18:42:04,841 INFO [DubboShutdownHook][AbstractProtocol.java:66] -  [DUBBO] Destroy reference: dubbo://192.168.26.1:20890/com.alibaba.cloud.dubbo.service.DubboMetadataService?anyhost=true&application=transaction-service&bind.ip=192.168.26.1&bind.port=20890&check=false&deprecated=false&dubbo=2.0.2&dynamic=true&generic=true&group=merchantService&interface=com.alibaba.cloud.dubbo.service.DubboMetadataService&lazy=false&methods=getAllServiceKeys,getServiceRestMetadata,getExportedURLs,getAllExportedURLs&pid=21608&qos.enable=false&qos.port=22250&register=true&register.ip=192.168.26.1&release=2.7.3&remote.application=merchantService&retries=-1&revision=2.1.0.RELEASE&side=consumer&sticky=false&timeout=3000&timestamp=1686477908906&version=1.0.0, dubbo version: 2.7.3, current host: 192.168.26.1
[${project.name}][${env:SERVER_PORT}] 2023-06-11 18:42:04,842 INFO [DubboShutdownHook][NettyChannel.java:172] -  [DUBBO] Close netty channel [id: 0x3ebdbf6a, L:/192.168.26.1:54963 - R:/192.168.26.1:20890], dubbo version: 2.7.3, current host: 192.168.26.1
[${project.name}][${env:SERVER_PORT}] 2023-06-11 18:42:04,842 WARN [NettyServerWorker-6-2][AbstractServer.java:213] -  [DUBBO] All clients has disconnected from /192.168.26.1:20893. You can graceful shutdown now., dubbo version: 2.7.3, current host: 192.168.26.1
[${project.name}][${env:SERVER_PORT}] 2023-06-11 18:42:04,842 WARN [NettyServerWorker-6-1][AbstractServer.java:213] -  [DUBBO] All clients has disconnected from /192.168.26.1:20893. You can graceful shutdown now., dubbo version: 2.7.3, current host: 192.168.26.1
[${project.name}][${env:SERVER_PORT}] 2023-06-11 18:42:04,844 INFO [DubboShutdownHook][AbstractProtocol.java:66] -  [DUBBO] Destroy reference: dubbo://192.168.26.1:20891/com.alibaba.cloud.dubbo.service.DubboMetadataService?anyhost=true&application=transaction-service&bind.ip=192.168.26.1&bind.port=20891&check=false&deprecated=false&dubbo=2.0.2&dynamic=true&generic=true&group=merchantApplication&interface=com.alibaba.cloud.dubbo.service.DubboMetadataService&lazy=false&methods=getAllServiceKeys,getServiceRestMetadata,getExportedURLs,getAllExportedURLs&pid=21608&qos.enable=false&qos.port=22250&register=true&register.ip=192.168.26.1&release=2.7.3&remote.application=merchantApplication&retries=-1&revision=2.1.0.RELEASE&side=consumer&sticky=false&timeout=3000&timestamp=1686477900640&version=1.0.0, dubbo version: 2.7.3, current host: 192.168.26.1
[${project.name}][${env:SERVER_PORT}] 2023-06-11 18:42:04,844 INFO [DubboShutdownHook][NettyChannel.java:172] -  [DUBBO] Close netty channel [id: 0x5a371fee, L:/192.168.26.1:54968 - R:/192.168.26.1:20891], dubbo version: 2.7.3, current host: 192.168.26.1
[${project.name}][${env:SERVER_PORT}] 2023-06-11 18:42:04,844 INFO [DubboShutdownHook][AbstractProtocol.java:66] -  [DUBBO] Destroy reference: dubbo://192.168.26.1:20891/com.alibaba.cloud.dubbo.service.DubboMetadataService?anyhost=true&application=transaction-service&category=providers&check=false&deprecated=false&dubbo=2.0.2&dynamic=true&generic=true&group=merchantApplication&interface=com.alibaba.cloud.dubbo.service.DubboMetadataService&lazy=false&methods=getAllServiceKeys,getServiceRestMetadata,getExportedURLs,getAllExportedURLs&path=com.alibaba.cloud.dubbo.service.DubboMetadataService&pid=21608&protocol=dubbo&qos.enable=false&qos.port=22250&register=true&register.ip=192.168.26.1&release=2.7.3&remote.application=merchantApplication&retries=-1&revision=2.1.0.RELEASE&side=consumer&sticky=false&timeout=3000&timestamp=1686477900640&version=1.0.0, dubbo version: 2.7.3, current host: 192.168.26.1
[${project.name}][${env:SERVER_PORT}] 2023-06-11 18:42:04,845 INFO [DubboShutdownHook][AbstractProtocol.java:66] -  [DUBBO] Destroy reference: dubbo://192.168.26.1:20890/com.alibaba.cloud.dubbo.service.DubboMetadataService?anyhost=true&application=transaction-service&category=providers&check=false&deprecated=false&dubbo=2.0.2&dynamic=true&generic=true&group=merchantService&interface=com.alibaba.cloud.dubbo.service.DubboMetadataService&lazy=false&methods=getAllServiceKeys,getServiceRestMetadata,getExportedURLs,getAllExportedURLs&path=com.alibaba.cloud.dubbo.service.DubboMetadataService&pid=21608&protocol=dubbo&qos.enable=false&qos.port=22250&register=true&register.ip=192.168.26.1&release=2.7.3&remote.application=merchantService&retries=-1&revision=2.1.0.RELEASE&side=consumer&sticky=false&timeout=3000&timestamp=1686477908906&version=1.0.0, dubbo version: 2.7.3, current host: 192.168.26.1
[${project.name}][${env:SERVER_PORT}] 2023-06-11 18:42:04,845 INFO [DubboShutdownHook][AbstractProtocol.java:79] -  [DUBBO] Unexport service: dubbo://192.168.26.1:20893/com.alibaba.cloud.dubbo.service.DubboMetadataService?anyhost=true&application=transaction-service&bind.ip=192.168.26.1&bind.port=20893&deprecated=false&dubbo=2.0.2&dynamic=true&generic=false&group=transaction-service&interface=com.alibaba.cloud.dubbo.service.DubboMetadataService&methods=getAllServiceKeys,getServiceRestMetadata,getExportedURLs,getAllExportedURLs&pid=21608&qos.enable=false&qos.port=22250&register=true&release=2.7.3&revision=2.1.0.RELEASE&side=provider&timestamp=1686479660603&version=1.0.0, dubbo version: 2.7.3, current host: 192.168.26.1
[${project.name}][${env:SERVER_PORT}] 2023-06-11 18:42:04,847 INFO [DubboShutdownHook][Server.java:112] -  [DUBBO] qos-server stopped., dubbo version: 2.7.3, current host: 192.168.26.1
